#
# There is insufficient memory for the Java Runtime Environment to continue.
# Native memory allocation (mmap) failed to map 65536 bytes for Failed to commit metaspace.
# Possible reasons:
#   The system is out of physical RAM or swap space
#   The process is running with CompressedOops enabled, and the Java Heap may be blocking the growth of the native heap
# Possible solutions:
#   Reduce memory load on the system
#   Increase physical memory or swap space
#   Check if swap backing store is full
#   Decrease Java heap size (-Xmx/-Xms)
#   Decrease number of Java threads
#   Decrease Java thread stack sizes (-Xss)
#   Set larger code cache with -XX:ReservedCodeCacheSize=
#   JVM is running with Unscaled Compressed Oops mode in which the Java heap is
#     placed in the first 4GB address space. The Java Heap base address is the
#     maximum limit for the native heap growth. Please use -XX:HeapBaseMinAddress
#     to set the Java Heap base and to place the Java Heap above 4GB virtual address.
# This output file may be truncated or incomplete.
#
#  Out of Memory Error (virtualSpaceNode.cpp:110), pid=15708, tid=14960
#
# JRE version: OpenJDK Runtime Environment Temurin-17.0.5+8 (17.0.5+8) (build 17.0.5+8)
# Java VM: OpenJDK 64-Bit Server VM Temurin-17.0.5+8 (17.0.5+8, mixed mode, tiered, compressed oops, compressed class ptrs, parallel gc, windows-amd64)
# No core dump will be written. Minidumps are not enabled by default on client versions of Windows
#

---------------  S U M M A R Y ------------

Command Line: --add-modules=ALL-SYSTEM --add-opens=java.base/java.util=ALL-UNNAMED --add-opens=java.base/java.lang=ALL-UNNAMED --add-opens=java.base/sun.nio.fs=ALL-UNNAMED -Declipse.application=org.eclipse.jdt.ls.core.id1 -Dosgi.bundles.defaultStartLevel=4 -Declipse.product=org.eclipse.jdt.ls.core.product -Djava.import.generatesMetadataFilesAtProjectRoot=false -Dfile.encoding=utf8 -XX:+UseParallelGC -XX:GCTimeRatio=4 -XX:AdaptiveSizePolicyWeight=90 -Dsun.zip.disableMemoryMapping=true -Xmx1G -Xms100m -Xlog:disable -javaagent:c:\Users\BBK.BCA\.vscode\extensions\redhat.java-1.14.0-win32-x64\lombok\lombok-1.18.24.jar c:\Users\BBK.BCA\.vscode\extensions\redhat.java-1.14.0-win32-x64\server\plugins\org.eclipse.equinox.launcher_1.6.400.v20210924-0641.jar -configuration c:\Users\BBK.BCA\AppData\Roaming\Code\User\globalStorage\redhat.java\1.14.0\config_ss_win -data c:\Users\BBK.BCA\AppData\Roaming\Code\User\workspaceStorage\6503691aeb8c9468764ee7ed2133f85a\redhat.java\ss_ws

Host: AMD Ryzen 5 2500U with Radeon Vega Mobile Gfx  , 8 cores, 6G,  Windows 10 , 64 bit Build 19041 (10.0.19041.1889)
Time: Tue Jan 24 22:46:51 2023 India Standard Time elapsed time: 2.454193 seconds (0d 0h 0m 2s)

---------------  T H R E A D  ---------------

Current thread (0x000001c6581a2210):  JavaThread "Start Level: Equinox Container: 52602841-118a-43f9-b33a-5d2ab7917814" daemon [_thread_in_vm, id=14960, stack(0x0000009b1ea00000,0x0000009b1eb00000)]

Stack: [0x0000009b1ea00000,0x0000009b1eb00000]
Native frames: (J=compiled Java code, j=interpreted, Vv=VM code, C=native code)
V  [jvm.dll+0x676b3a]
V  [jvm.dll+0x831444]
V  [jvm.dll+0x832bee]
V  [jvm.dll+0x833253]
V  [jvm.dll+0x244ce5]
V  [jvm.dll+0x82d4db]
V  [jvm.dll+0x61b2f6]
V  [jvm.dll+0x1bfd2e]
V  [jvm.dll+0x61dc41]
V  [jvm.dll+0x61bc96]
V  [jvm.dll+0x23a786]
V  [jvm.dll+0x1ea39d]
V  [jvm.dll+0x1dfdd1]
V  [jvm.dll+0x53be30]
V  [jvm.dll+0x7ac72d]
V  [jvm.dll+0x7ac68a]
V  [jvm.dll+0x40c0c4]
V  [jvm.dll+0x41f8db]
C  [java.dll+0x1657]

Java frames: (J=compiled Java code, j=interpreted, Vv=VM code)
j  java.lang.ClassLoader.defineClass0(Ljava/lang/ClassLoader;Ljava/lang/Class;Ljava/lang/String;[BIILjava/security/ProtectionDomain;ZILjava/lang/Object;)Ljava/lang/Class;+0 java.base@17.0.5
j  java.lang.System$2.defineClass(Ljava/lang/ClassLoader;Ljava/lang/Class;Ljava/lang/String;[BLjava/security/ProtectionDomain;ZILjava/lang/Object;)Ljava/lang/Class;+17 java.base@17.0.5
j  java.lang.invoke.MethodHandles$Lookup$ClassDefiner.defineClass(ZLjava/lang/Object;)Ljava/lang/Class;+54 java.base@17.0.5
j  java.lang.invoke.InvokerBytecodeGenerator.loadMethod([B)Ljava/lang/invoke/MemberName;+16 java.base@17.0.5
j  java.lang.invoke.InvokerBytecodeGenerator.generateCustomizedCode(Ljava/lang/invoke/LambdaForm;Ljava/lang/invoke/MethodType;)Ljava/lang/invoke/MemberName;+30 java.base@17.0.5
j  java.lang.invoke.LambdaForm.compileToBytecode()V+69 java.base@17.0.5
j  java.lang.invoke.DirectMethodHandle.makePreparedLambdaForm(Ljava/lang/invoke/MethodType;I)Ljava/lang/invoke/LambdaForm;+792 java.base@17.0.5
j  java.lang.invoke.DirectMethodHandle.preparedLambdaForm(Ljava/lang/invoke/MethodType;I)Ljava/lang/invoke/LambdaForm;+17 java.base@17.0.5
j  java.lang.invoke.DirectMethodHandle.preparedLambdaForm(Ljava/lang/invoke/MemberName;Z)Ljava/lang/invoke/LambdaForm;+159 java.base@17.0.5
j  java.lang.invoke.DirectMethodHandle.preparedLambdaForm(Ljava/lang/invoke/MemberName;)Ljava/lang/invoke/LambdaForm;+2 java.base@17.0.5
j  java.lang.invoke.DirectMethodHandle.make(BLjava/lang/Class;Ljava/lang/invoke/MemberName;Ljava/lang/Class;)Ljava/lang/invoke/DirectMethodHandle;+163 java.base@17.0.5
j  java.lang.invoke.MethodHandles$Lookup.getDirectMethodCommon(BLjava/lang/Class;Ljava/lang/invoke/MemberName;ZZLjava/lang/invoke/MethodHandles$Lookup;)Ljava/lang/invoke/MethodHandle;+210 java.base@17.0.5
j  java.lang.invoke.MethodHandles$Lookup.getDirectMethodNoSecurityManager(BLjava/lang/Class;Ljava/lang/invoke/MemberName;Ljava/lang/invoke/MethodHandles$Lookup;)Ljava/lang/invoke/MethodHandle;+14 java.base@17.0.5
j  java.lang.invoke.MethodHandles$Lookup.getDirectMethodForConstant(BLjava/lang/Class;Ljava/lang/invoke/MemberName;)Ljava/lang/invoke/MethodHandle;+31 java.base@17.0.5
j  java.lang.invoke.MethodHandles$Lookup.linkMethodHandleConstant(BLjava/lang/Class;Ljava/lang/String;Ljava/lang/Object;)Ljava/lang/invoke/MethodHandle;+152 java.base@17.0.5
j  java.lang.invoke.MethodHandleNatives.linkMethodHandleConstant(Ljava/lang/Class;ILjava/lang/Class;Ljava/lang/String;Ljava/lang/Object;)Ljava/lang/invoke/MethodHandle;+38 java.base@17.0.5
v  ~StubRoutines::call_stub
j  org.osgi.framework.FrameworkUtil.<clinit>()V+8
v  ~StubRoutines::call_stub
j  org.eclipse.core.runtime.ServiceCaller.<init>(Ljava/lang/Class;Ljava/lang/Class;Ljava/lang/String;)V+28
j  org.eclipse.core.internal.runtime.Activator.<init>()V+28
v  ~StubRoutines::call_stub
j  jdk.internal.reflect.NativeConstructorAccessorImpl.newInstance0(Ljava/lang/reflect/Constructor;[Ljava/lang/Object;)Ljava/lang/Object;+0 java.base@17.0.5
j  jdk.internal.reflect.NativeConstructorAccessorImpl.newInstance([Ljava/lang/Object;)Ljava/lang/Object;+118 java.base@17.0.5
J 1206 c1 jdk.internal.reflect.DelegatingConstructorAccessorImpl.newInstance([Ljava/lang/Object;)Ljava/lang/Object; java.base@17.0.5 (9 bytes) @ 0x000001c643a95c3c [0x000001c643a95b40+0x00000000000000fc]
J 953 c1 java.lang.reflect.Constructor.newInstanceWithCaller([Ljava/lang/Object;ZLjava/lang/Class;)Ljava/lang/Object; java.base@17.0.5 (76 bytes) @ 0x000001c643a19ccc [0x000001c643a19a80+0x000000000000024c]
J 1209 c1 java.lang.reflect.Constructor.newInstance([Ljava/lang/Object;)Ljava/lang/Object; java.base@17.0.5 (34 bytes) @ 0x000001c643a9ac2c [0x000001c643a9aac0+0x000000000000016c]
j  org.eclipse.osgi.internal.framework.BundleContextImpl.loadBundleActivator()Lorg/osgi/framework/BundleActivator;+112
j  org.eclipse.osgi.internal.framework.BundleContextImpl.start()V+18
j  org.eclipse.osgi.internal.framework.EquinoxBundle.startWorker0()V+35
j  org.eclipse.osgi.internal.framework.EquinoxBundle$EquinoxModule.startWorker()V+4
j  org.eclipse.osgi.container.Module.doStart([Lorg/eclipse/osgi/container/Module$StartOptions;)Lorg/eclipse/osgi/container/ModuleContainerAdaptor$ModuleEvent;+190
j  org.eclipse.osgi.container.Module.start([Lorg/eclipse/osgi/container/Module$StartOptions;)V+460
j  org.eclipse.osgi.container.ModuleContainer$ContainerStartLevel$2.run()V+71
j  org.eclipse.osgi.internal.framework.EquinoxContainerAdaptor$1$1.execute(Ljava/lang/Runnable;)V+1
j  org.eclipse.osgi.container.ModuleContainer$ContainerStartLevel.incStartLevel(ILjava/util/List;Z)V+192
j  org.eclipse.osgi.container.ModuleContainer$ContainerStartLevel.incStartLevel(ILjava/util/List;Ljava/util/List;Ljava/util/List;Ljava/util/List;)V+19
j  org.eclipse.osgi.container.ModuleContainer$ContainerStartLevel.doContainerStartLevel(Lorg/eclipse/osgi/container/Module;I[Lorg/osgi/framework/FrameworkListener;)V+349
j  org.eclipse.osgi.container.ModuleContainer$ContainerStartLevel.dispatchEvent(Lorg/eclipse/osgi/container/Module;[Lorg/osgi/framework/FrameworkListener;ILjava/lang/Integer;)V+32
j  org.eclipse.osgi.container.ModuleContainer$ContainerStartLevel.dispatchEvent(Ljava/lang/Object;Ljava/lang/Object;ILjava/lang/Object;)V+15
j  org.eclipse.osgi.framework.eventmgr.EventManager.dispatchEvent(Ljava/util/Set;Lorg/eclipse/osgi/framework/eventmgr/EventDispatcher;ILjava/lang/Object;)V+48
j  org.eclipse.osgi.framework.eventmgr.EventManager$EventThread.run()V+26
v  ~StubRoutines::call_stub

---------------  P R O C E S S  ---------------

Threads class SMR info:
_java_thread_list=0x000001c658115320, length=17, elements={
0x000001c64063d650, 0x000001c6544cd3b0, 0x000001c6544ce610, 0x000001c6569bf270,
0x000001c6569bfe20, 0x000001c6569c09d0, 0x000001c6569c3390, 0x000001c6569c4120,
0x000001c656a27e80, 0x000001c656a3cc20, 0x000001c6406fa560, 0x000001c656d1d010,
0x000001c6574b3440, 0x000001c6574e2230, 0x000001c65811e2b0, 0x000001c6581a2210,
0x000001c6581188f0
}

Java Threads: ( => current thread )
  0x000001c64063d650 JavaThread "main" [_thread_blocked, id=14244, stack(0x0000009b1d200000,0x0000009b1d300000)]
  0x000001c6544cd3b0 JavaThread "Reference Handler" daemon [_thread_blocked, id=3128, stack(0x0000009b1d500000,0x0000009b1d600000)]
  0x000001c6544ce610 JavaThread "Finalizer" daemon [_thread_blocked, id=17260, stack(0x0000009b1d600000,0x0000009b1d700000)]
  0x000001c6569bf270 JavaThread "Signal Dispatcher" daemon [_thread_blocked, id=13668, stack(0x0000009b1d700000,0x0000009b1d800000)]
  0x000001c6569bfe20 JavaThread "Attach Listener" daemon [_thread_blocked, id=7408, stack(0x0000009b1d800000,0x0000009b1d900000)]
  0x000001c6569c09d0 JavaThread "Service Thread" daemon [_thread_blocked, id=2224, stack(0x0000009b1d900000,0x0000009b1da00000)]
  0x000001c6569c3390 JavaThread "Monitor Deflation Thread" daemon [_thread_blocked, id=12528, stack(0x0000009b1da00000,0x0000009b1db00000)]
  0x000001c6569c4120 JavaThread "C2 CompilerThread0" daemon [_thread_blocked, id=2528, stack(0x0000009b1db00000,0x0000009b1dc00000)]
  0x000001c656a27e80 JavaThread "C1 CompilerThread0" daemon [_thread_blocked, id=13636, stack(0x0000009b1dc00000,0x0000009b1dd00000)]
  0x000001c656a3cc20 JavaThread "Sweeper thread" daemon [_thread_blocked, id=1892, stack(0x0000009b1dd00000,0x0000009b1de00000)]
  0x000001c6406fa560 JavaThread "Common-Cleaner" daemon [_thread_blocked, id=13056, stack(0x0000009b1de00000,0x0000009b1df00000)]
  0x000001c656d1d010 JavaThread "Notification Thread" daemon [_thread_blocked, id=15792, stack(0x0000009b1df00000,0x0000009b1e000000)]
  0x000001c6574b3440 JavaThread "C2 CompilerThread1" daemon [_thread_blocked, id=16176, stack(0x0000009b1e100000,0x0000009b1e200000)]
  0x000001c6574e2230 JavaThread "Active Thread: Equinox Container: 52602841-118a-43f9-b33a-5d2ab7917814" [_thread_blocked, id=12648, stack(0x0000009b1e800000,0x0000009b1e900000)]
  0x000001c65811e2b0 JavaThread "Framework Event Dispatcher: Equinox Container: 52602841-118a-43f9-b33a-5d2ab7917814" daemon [_thread_blocked, id=14976, stack(0x0000009b1e900000,0x0000009b1ea00000)]
=>0x000001c6581a2210 JavaThread "Start Level: Equinox Container: 52602841-118a-43f9-b33a-5d2ab7917814" daemon [_thread_in_vm, id=14960, stack(0x0000009b1ea00000,0x0000009b1eb00000)]
  0x000001c6581188f0 JavaThread "SCR Component Actor" daemon [_thread_blocked, id=15964, stack(0x0000009b1eb00000,0x0000009b1ec00000)]

Other Threads:
  0x000001c6544ca250 VMThread "VM Thread" [stack: 0x0000009b1d400000,0x0000009b1d500000] [id=1196]
  0x000001c656c87d90 WatcherThread [stack: 0x0000009b1e000000,0x0000009b1e100000] [id=17092]
  0x000001c64064bd90 GCTaskThread "GC Thread#0" [stack: 0x0000009b1d300000,0x0000009b1d400000] [id=12948]
  0x000001c6574911f0 GCTaskThread "GC Thread#1" [stack: 0x0000009b1e200000,0x0000009b1e300000] [id=14916]
  0x000001c658007ce0 GCTaskThread "GC Thread#2" [stack: 0x0000009b1e300000,0x0000009b1e400000] [id=14016]
  0x000001c65803a820 GCTaskThread "GC Thread#3" [stack: 0x0000009b1e400000,0x0000009b1e500000] [id=9960]
  0x000001c658042f20 GCTaskThread "GC Thread#4" [stack: 0x0000009b1e500000,0x0000009b1e600000] [id=1764]
  0x000001c6580439e0 GCTaskThread "GC Thread#5" [stack: 0x0000009b1e600000,0x0000009b1e700000] [id=15860]
  0x000001c658043c90 GCTaskThread "GC Thread#6" [stack: 0x0000009b1e700000,0x0000009b1e800000] [id=6896]

Threads with active compile tasks:

VM state: not at safepoint (normal execution)

VM Mutex/Monitor currently owned by a thread:  ([mutex/lock_event])
[0x000001c63e42e8b0] Metaspace_lock - owner thread: 0x000001c6581a2210

Heap address: 0x00000000c0000000, size: 1024 MB, Compressed Oops mode: 32-bit

CDS archive(s) not mapped
Compressed class space mapped at: 0x0000000100000000-0x0000000140000000, reserved size: 1073741824
Narrow klass base: 0x0000000000000000, Narrow klass shift: 3, Narrow klass range: 0x140000000

GC Precious Log:
 CPUs: 8 total, 8 available
 Memory: 7112M
 Large Page Support: Disabled
 NUMA Support: Disabled
 Compressed Oops: Enabled (32-bit)
 Alignments: Space 512K, Generation 512K, Heap 2M
 Heap Min Capacity: 100M
 Heap Initial Capacity: 100M
 Heap Max Capacity: 1G
 Pre-touch: Disabled
 Parallel Workers: 8

Heap:
 PSYoungGen      total 29696K, used 25377K [0x00000000eab00000, 0x00000000ecc00000, 0x0000000100000000)
  eden space 25600K, 84% used [0x00000000eab00000,0x00000000ec02e2f0,0x00000000ec400000)
  from space 4096K, 90% used [0x00000000ec400000,0x00000000ec79a208,0x00000000ec800000)
  to   space 4096K, 0% used [0x00000000ec800000,0x00000000ec800000,0x00000000ecc00000)
 ParOldGen       total 68608K, used 16K [0x00000000c0000000, 0x00000000c4300000, 0x00000000eab00000)
  object space 68608K, 0% used [0x00000000c0000000,0x00000000c0004000,0x00000000c4300000)
 Metaspace       used 14192K, committed 14400K, reserved 1064960K
  class space    used 1418K, committed 1536K, reserved 1048576K

Card table byte_map: [0x000001c640020000,0x000001c640230000] _byte_map_base: 0x000001c63fa20000

Marking Bits: (ParMarkBitMap*) 0x00007ffce9730dd0
 Begin Bits: [0x000001c6522d0000, 0x000001c6532d0000)
 End Bits:   [0x000001c6532d0000, 0x000001c6542d0000)

Polling page: 0x000001c63fe10000

Metaspace:

Usage:
  Non-class:     12.47 MB used.
      Class:      1.39 MB used.
       Both:     13.86 MB used.

Virtual space:
  Non-class space:       16.00 MB reserved,      12.56 MB ( 79%) committed,  2 nodes.
      Class space:        1.00 GB reserved,       1.50 MB ( <1%) committed,  1 nodes.
             Both:        1.02 GB reserved,      14.06 MB (  1%) committed. 

Chunk freelists:
   Non-Class:  3.00 MB
       Class:  2.41 MB
        Both:  5.41 MB

MaxMetaspaceSize: unlimited
CompressedClassSpaceSize: 1.00 GB
Initial GC threshold: 21.00 MB
Current GC threshold: 21.00 MB
CDS: off
MetaspaceReclaimPolicy: balanced
 - commit_granule_bytes: 65536.
 - commit_granule_words: 8192.
 - virtual_space_node_default_size: 1048576.
 - enlarge_chunks_in_place: 1.
 - new_chunks_are_fully_committed: 0.
 - uncommit_free_chunks: 1.
 - use_allocation_guard: 0.
 - handle_deallocations: 1.


Internal statistics:

num_allocs_failed_limit: 0.
num_arena_births: 66.
num_arena_deaths: 0.
num_vsnodes_births: 3.
num_vsnodes_deaths: 0.
num_space_committed: 225.
num_space_uncommitted: 0.
num_chunks_returned_to_freelist: 0.
num_chunks_taken_from_freelist: 251.
num_chunk_merges: 0.
num_chunk_splits: 170.
num_chunks_enlarged: 134.
num_purges: 0.
num_inconsistent_stats: 0.

CodeHeap 'non-profiled nmethods': size=120000Kb used=619Kb max_used=619Kb free=119380Kb
 bounds [0x000001c64ada0000, 0x000001c64b010000, 0x000001c6522d0000]
CodeHeap 'profiled nmethods': size=120000Kb used=2946Kb max_used=2946Kb free=117053Kb
 bounds [0x000001c643870000, 0x000001c643b60000, 0x000001c64ada0000]
CodeHeap 'non-nmethods': size=5760Kb used=1159Kb max_used=1185Kb free=4600Kb
 bounds [0x000001c6432d0000, 0x000001c643540000, 0x000001c643870000]
 total_blobs=2001 nmethods=1553 adapters=362
 compilation: enabled
              stopped_count=0, restarted_count=0
 full_count=0

Compilation events (20 events):
Event: 2.435 Thread 0x000001c6569c4120 nmethod 1471 0x000001c64ae34e90 code [0x000001c64ae35220, 0x000001c64ae38240]
Event: 2.438 Thread 0x000001c656a27e80 1543   !   3       org.eclipse.osgi.internal.serviceregistry.ServiceRegistrationImpl::getRanking (17 bytes)
Event: 2.438 Thread 0x000001c656a27e80 nmethod 1543 0x000001c643b40690 code [0x000001c643b40820, 0x000001c643b40a18]
Event: 2.438 Thread 0x000001c656a27e80 1544       3       java.lang.Thread::getContextClassLoader (32 bytes)
Event: 2.439 Thread 0x000001c656a27e80 nmethod 1544 0x000001c643b40b10 code [0x000001c643b40d40, 0x000001c643b416f8]
Event: 2.439 Thread 0x000001c656a27e80 1545   !   3       org.eclipse.osgi.internal.framework.EquinoxContainer::getContextFinder (17 bytes)
Event: 2.439 Thread 0x000001c656a27e80 nmethod 1545 0x000001c643b41a10 code [0x000001c643b41ba0, 0x000001c643b41d98]
Event: 2.439 Thread 0x000001c656a27e80 1546       3       org.eclipse.osgi.internal.framework.BundleContextImpl::setContextFinder (56 bytes)
Event: 2.440 Thread 0x000001c6569c4120 1549 %     4       java.lang.StringLatin1::inflate @ 3 (34 bytes)
Event: 2.440 Thread 0x000001c656a27e80 nmethod 1546 0x000001c643b41e90 code [0x000001c643b42120, 0x000001c643b43048]
Event: 2.440 Thread 0x000001c656a27e80 1547   !   3       org.eclipse.osgi.internal.framework.BundleContextImpl::dispatchEvent (558 bytes)
Event: 2.448 Thread 0x000001c656a27e80 nmethod 1547 0x000001c643b43590 code [0x000001c643b43f20, 0x000001c643b49048]
Event: 2.448 Thread 0x000001c656a27e80 1548       1       org.eclipse.osgi.internal.hookregistry.ClassLoaderHook::getClassPathEntries (2 bytes)
Event: 2.448 Thread 0x000001c656a27e80 nmethod 1548 0x000001c64ae3a210 code [0x000001c64ae3a3a0, 0x000001c64ae3a478]
Event: 2.448 Thread 0x000001c656a27e80 1550       1       java.lang.reflect.Constructor::getSharedParameterTypes (5 bytes)
Event: 2.448 Thread 0x000001c656a27e80 nmethod 1550 0x000001c64ae3a510 code [0x000001c64ae3a6a0, 0x000001c64ae3a778]
Event: 2.448 Thread 0x000001c6569c4120 nmethod 1549% 0x000001c64ae3a810 code [0x000001c64ae3a9a0, 0x000001c64ae3acf8]
Event: 2.448 Thread 0x000001c656a27e80 1551   !   3       org.eclipse.osgi.internal.loader.BundleLoader::getModuleClassLoader (196 bytes)
Event: 2.450 Thread 0x000001c656a27e80 nmethod 1551 0x000001c643b4bc90 code [0x000001c643b4c020, 0x000001c643b4d608]
Event: 2.450 Thread 0x000001c656a27e80 1554       3       jdk.internal.org.objectweb.asm.SymbolTable::addConstantNameAndType (137 bytes)

GC Heap History (2 events):
Event: 1.721 GC heap before
{Heap before GC invocations=1 (full 0):
 PSYoungGen      total 29696K, used 25600K [0x00000000eab00000, 0x00000000ecc00000, 0x0000000100000000)
  eden space 25600K, 100% used [0x00000000eab00000,0x00000000ec400000,0x00000000ec400000)
  from space 4096K, 0% used [0x00000000ec800000,0x00000000ec800000,0x00000000ecc00000)
  to   space 4096K, 0% used [0x00000000ec400000,0x00000000ec400000,0x00000000ec800000)
 ParOldGen       total 68608K, used 0K [0x00000000c0000000, 0x00000000c4300000, 0x00000000eab00000)
  object space 68608K, 0% used [0x00000000c0000000,0x00000000c0000000,0x00000000c4300000)
 Metaspace       used 10963K, committed 11136K, reserved 1064960K
  class space    used 1089K, committed 1152K, reserved 1048576K
}
Event: 1.734 GC heap after
{Heap after GC invocations=1 (full 0):
 PSYoungGen      total 29696K, used 3688K [0x00000000eab00000, 0x00000000ecc00000, 0x0000000100000000)
  eden space 25600K, 0% used [0x00000000eab00000,0x00000000eab00000,0x00000000ec400000)
  from space 4096K, 90% used [0x00000000ec400000,0x00000000ec79a208,0x00000000ec800000)
  to   space 4096K, 0% used [0x00000000ec800000,0x00000000ec800000,0x00000000ecc00000)
 ParOldGen       total 68608K, used 16K [0x00000000c0000000, 0x00000000c4300000, 0x00000000eab00000)
  object space 68608K, 0% used [0x00000000c0000000,0x00000000c0004000,0x00000000c4300000)
 Metaspace       used 10963K, committed 11136K, reserved 1064960K
  class space    used 1089K, committed 1152K, reserved 1048576K
}

Dll operation events (9 events):
Event: 0.057 Loaded shared library c:\Users\BBK.BCA\.vscode\extensions\redhat.java-1.14.0-win32-x64\jre\17.0.5-win32-x86_64\bin\java.dll
Event: 0.399 Loaded shared library c:\Users\BBK.BCA\.vscode\extensions\redhat.java-1.14.0-win32-x64\jre\17.0.5-win32-x86_64\bin\zip.dll
Event: 0.406 Loaded shared library C:\Users\BBK.BCA\.vscode\extensions\redhat.java-1.14.0-win32-x64\jre\17.0.5-win32-x86_64\bin\instrument.dll
Event: 0.430 Loaded shared library C:\Users\BBK.BCA\.vscode\extensions\redhat.java-1.14.0-win32-x64\jre\17.0.5-win32-x86_64\bin\net.dll
Event: 0.434 Loaded shared library C:\Users\BBK.BCA\.vscode\extensions\redhat.java-1.14.0-win32-x64\jre\17.0.5-win32-x86_64\bin\nio.dll
Event: 0.449 Loaded shared library C:\Users\BBK.BCA\.vscode\extensions\redhat.java-1.14.0-win32-x64\jre\17.0.5-win32-x86_64\bin\zip.dll
Event: 0.483 Loaded shared library C:\Users\BBK.BCA\.vscode\extensions\redhat.java-1.14.0-win32-x64\jre\17.0.5-win32-x86_64\bin\jimage.dll
Event: 0.597 Loaded shared library c:\Users\BBK.BCA\.vscode\extensions\redhat.java-1.14.0-win32-x64\jre\17.0.5-win32-x86_64\bin\verify.dll
Event: 2.386 Loaded shared library C:\Users\BBK.BCA\AppData\Roaming\Code\User\globalStorage\redhat.java\1.14.0\config_ss_win\org.eclipse.equinox.launcher\org.eclipse.equinox.launcher.win32.win32.x86_64_1.2.700.v20221108-1024\eclipse_11801.dll

Deoptimization events (20 events):
Event: 1.964 Thread 0x000001c64063d650 DEOPT PACKING pc=0x000001c64add938c sp=0x0000009b1d2f7ce0
Event: 1.965 Thread 0x000001c64063d650 DEOPT UNPACKING pc=0x000001c6433220a3 sp=0x0000009b1d2f7c28 mode 2
Event: 1.965 Thread 0x000001c64063d650 Uncommon trap: trap_request=0xffffffc6 fr.pc=0x000001c64add938c relative=0x000000000000062c
Event: 1.965 Thread 0x000001c64063d650 Uncommon trap: reason=bimorphic_or_optimized_type_check action=maybe_recompile pc=0x000001c64add938c method=java.util.Collections$UnmodifiableCollection$1.<init>(Ljava/util/Collections$UnmodifiableCollection;)V @ 17 c2
Event: 1.965 Thread 0x000001c64063d650 DEOPT PACKING pc=0x000001c64add938c sp=0x0000009b1d2f7ce0
Event: 1.965 Thread 0x000001c64063d650 DEOPT UNPACKING pc=0x000001c6433220a3 sp=0x0000009b1d2f7c28 mode 2
Event: 2.075 Thread 0x000001c64063d650 Uncommon trap: trap_request=0xffffff45 fr.pc=0x000001c64ade1e64 relative=0x00000000000002a4
Event: 2.075 Thread 0x000001c64063d650 Uncommon trap: reason=unstable_if action=reinterpret pc=0x000001c64ade1e64 method=java.lang.invoke.VarHandle.checkExactAccessMode(Ljava/lang/invoke/VarHandle$AccessDescriptor;)V @ 4 c2
Event: 2.075 Thread 0x000001c64063d650 DEOPT PACKING pc=0x000001c64ade1e64 sp=0x0000009b1d2fdfb0
Event: 2.075 Thread 0x000001c64063d650 DEOPT UNPACKING pc=0x000001c6433220a3 sp=0x0000009b1d2fdf80 mode 2
Event: 2.167 Thread 0x000001c64063d650 Uncommon trap: trap_request=0xffffffde fr.pc=0x000001c64adfe9e0 relative=0x0000000000000920
Event: 2.167 Thread 0x000001c64063d650 Uncommon trap: reason=class_check action=maybe_recompile pc=0x000001c64adfe9e0 method=java.util.HashMap.putVal(ILjava/lang/Object;Ljava/lang/Object;ZZ)Ljava/lang/Object; @ 253 c2
Event: 2.167 Thread 0x000001c64063d650 DEOPT PACKING pc=0x000001c64adfe9e0 sp=0x0000009b1d2fda40
Event: 2.167 Thread 0x000001c64063d650 DEOPT UNPACKING pc=0x000001c6433220a3 sp=0x0000009b1d2fd9c0 mode 2
Event: 2.170 Thread 0x000001c64063d650 Uncommon trap: trap_request=0xffffffde fr.pc=0x000001c64adfe9e0 relative=0x0000000000000920
Event: 2.170 Thread 0x000001c64063d650 Uncommon trap: reason=class_check action=maybe_recompile pc=0x000001c64adfe9e0 method=java.util.HashMap.putVal(ILjava/lang/Object;Ljava/lang/Object;ZZ)Ljava/lang/Object; @ 253 c2
Event: 2.170 Thread 0x000001c64063d650 DEOPT PACKING pc=0x000001c64adfe9e0 sp=0x0000009b1d2fda40
Event: 2.170 Thread 0x000001c64063d650 DEOPT UNPACKING pc=0x000001c6433220a3 sp=0x0000009b1d2fd9c0 mode 2
Event: 2.225 Thread 0x000001c64063d650 DEOPT PACKING pc=0x000001c6439b5561 sp=0x0000009b1d2fc440
Event: 2.225 Thread 0x000001c64063d650 DEOPT UNPACKING pc=0x000001c643322843 sp=0x0000009b1d2fb8c8 mode 0

Classes unloaded (0 events):
No events

Classes redefined (0 events):
No events

Internal exceptions (20 events):
Event: 1.183 Thread 0x000001c64063d650 Implicit null exception at 0x000001c64adc1272 to 0x000001c64adc1790
Event: 1.187 Thread 0x000001c64063d650 Exception <a 'java/io/FileNotFoundException'{0x00000000eb92a940}> (0x00000000eb92a940) 
thrown [s\src\hotspot\share\prims\jni.cpp, line 516]
Event: 1.548 Thread 0x000001c64063d650 Exception <a 'java/lang/ClassNotFoundException'{0x00000000ec121578}: sun/net/www/protocol/c/Handler> (0x00000000ec121578) 
thrown [s\src\hotspot\share\classfile\systemDictionary.cpp, line 256]
Event: 1.549 Thread 0x000001c64063d650 Exception <a 'java/lang/ClassNotFoundException'{0x00000000ec122900}: sun/net/www/protocol/c/Handler> (0x00000000ec122900) 
thrown [s\src\hotspot\share\classfile\systemDictionary.cpp, line 256]
Event: 1.549 Thread 0x000001c64063d650 Exception <a 'java/lang/ClassNotFoundException'{0x00000000ec123af0}: sun/net/www/protocol/c/Handler> (0x00000000ec123af0) 
thrown [s\src\hotspot\share\classfile\systemDictionary.cpp, line 256]
Event: 1.569 Thread 0x000001c64063d650 Exception <a 'java/io/FileNotFoundException'{0x00000000ec142b88}> (0x00000000ec142b88) 
thrown [s\src\hotspot\share\prims\jni.cpp, line 516]
Event: 1.651 Thread 0x000001c64063d650 Implicit null exception at 0x000001c64adf357b to 0x000001c64adf3f24
Event: 1.651 Thread 0x000001c64063d650 Implicit null exception at 0x000001c64add240c to 0x000001c64add2638
Event: 1.652 Thread 0x000001c64063d650 Implicit null exception at 0x000001c64ade936c to 0x000001c64ade953c
Event: 1.652 Thread 0x000001c64063d650 Implicit null exception at 0x000001c64adf580f to 0x000001c64adf5885
Event: 1.738 Thread 0x000001c64063d650 Exception <a 'java/lang/NoSuchMethodError'{0x00000000eab0df38}: 'int java.lang.invoke.DirectMethodHandle$Holder.invokeStaticInit(java.lang.Object, java.lang.Object, java.lang.Object, java.lang.Object)'> (0x00000000eab0df38) 
thrown [s\src\hotspot\share\interpreter\linkResolver.cpp, line 759]
Event: 1.740 Thread 0x000001c64063d650 Exception <a 'java/lang/NoSuchMethodError'{0x00000000eab186b0}: 'java.lang.Object java.lang.invoke.DirectMethodHandle$Holder.invokeInterface(java.lang.Object, java.lang.Object)'> (0x00000000eab186b0) 
thrown [s\src\hotspot\share\interpreter\linkResolver.cpp, line 759]
Event: 1.741 Thread 0x000001c64063d650 Exception <a 'java/lang/IncompatibleClassChangeError'{0x00000000eab1bea8}: Found class java.lang.Object, but interface was expected> (0x00000000eab1bea8) 
thrown [s\src\hotspot\share\interpreter\linkResolver.cpp, line 826]
Event: 1.743 Thread 0x000001c64063d650 Exception <a 'java/lang/NoSuchMethodError'{0x00000000eab203a0}: 'void java.lang.invoke.DirectMethodHandle$Holder.invokeStatic(java.lang.Object, java.lang.Object)'> (0x00000000eab203a0) 
thrown [s\src\hotspot\share\interpreter\linkResolver.cpp, line 759]
Event: 1.743 Thread 0x000001c64063d650 Exception <a 'java/lang/NoSuchMethodError'{0x00000000eab23ba0}: 'void java.lang.invoke.DirectMethodHandle$Holder.invokeStaticInit(java.lang.Object, java.lang.Object)'> (0x00000000eab23ba0) 
thrown [s\src\hotspot\share\interpreter\linkResolver.cpp, line 759]
Event: 1.745 Thread 0x000001c64063d650 Exception <a 'java/lang/NoSuchMethodError'{0x00000000eab2b138}: 'int java.lang.invoke.DirectMethodHandle$Holder.invokeStaticInit(java.lang.Object, java.lang.Object)'> (0x00000000eab2b138) 
thrown [s\src\hotspot\share\interpreter\linkResolver.cpp, line 759]
Event: 1.796 Thread 0x000001c64063d650 Exception <a 'java/lang/NoSuchMethodError'{0x00000000eac90608}: 'void java.lang.invoke.DirectMethodHandle$Holder.invokeSpecial(java.lang.Object, java.lang.Object, java.lang.Object)'> (0x00000000eac90608) 
thrown [s\src\hotspot\share\interpreter\linkResolver.cpp, line 759]
Event: 2.144 Thread 0x000001c64063d650 Exception <a 'java/lang/NoSuchMethodError'{0x00000000eb817910}: 'java.lang.Object java.lang.invoke.DirectMethodHandle$Holder.newInvokeSpecial(java.lang.Object, int, java.lang.Object)'> (0x00000000eb817910) 
thrown [s\src\hotspot\share\interpreter\linkResolver.cpp, line 759]
Event: 2.377 Thread 0x000001c64063d650 Exception <a 'java/lang/UnsatisfiedLinkError'{0x00000000ebd49448}: 'void org.eclipse.equinox.launcher.JNIBridge._update_splash()'> (0x00000000ebd49448) 
thrown [s\src\hotspot\share\prims\nativeLookup.cpp, line 543]
Event: 2.450 Thread 0x000001c6581a2210 Exception <a 'java/lang/NoSuchMethodError'{0x00000000ebffad80}: 'java.lang.Object java.lang.invoke.DirectMethodHandle$Holder.invokeStaticInit(java.lang.Object)'> (0x00000000ebffad80) 
thrown [s\src\hotspot\share\interpreter\linkResolver.cpp, line 759]

VM Operations (20 events):
Event: 0.366 Executing VM operation: HandshakeAllThreads
Event: 0.366 Executing VM operation: HandshakeAllThreads done
Event: 0.513 Executing VM operation: HandshakeAllThreads
Event: 0.513 Executing VM operation: HandshakeAllThreads done
Event: 1.117 Executing VM operation: HandshakeAllThreads
Event: 1.117 Executing VM operation: HandshakeAllThreads done
Event: 1.147 Executing VM operation: HandshakeAllThreads
Event: 1.147 Executing VM operation: HandshakeAllThreads done
Event: 1.147 Executing VM operation: Cleanup
Event: 1.148 Executing VM operation: Cleanup done
Event: 1.500 Executing VM operation: HandshakeAllThreads
Event: 1.500 Executing VM operation: HandshakeAllThreads done
Event: 1.721 Executing VM operation: ParallelGCFailedAllocation
Event: 1.734 Executing VM operation: ParallelGCFailedAllocation done
Event: 2.112 Executing VM operation: HandshakeAllThreads
Event: 2.112 Executing VM operation: HandshakeAllThreads done
Event: 2.113 Executing VM operation: HandshakeAllThreads
Event: 2.113 Executing VM operation: HandshakeAllThreads done
Event: 2.121 Executing VM operation: HandshakeAllThreads
Event: 2.121 Executing VM operation: HandshakeAllThreads done

Events (20 events):
Event: 2.269 loading class sun/nio/fs/WindowsChannelFactory$1 done
Event: 2.269 loading class sun/nio/fs/WindowsChannelFactory$Flags
Event: 2.269 loading class sun/nio/fs/WindowsChannelFactory$Flags done
Event: 2.269 loading class sun/nio/ch/FileChannelImpl$Closer
Event: 2.270 loading class sun/nio/ch/FileChannelImpl$Closer done
Event: 2.369 Thread 0x000001c65811e2b0 Thread added: 0x000001c65811e2b0
Event: 2.376 Thread 0x000001c6581a2210 Thread added: 0x000001c6581a2210
Event: 2.378 loading class java/util/concurrent/CountDownLatch
Event: 2.378 loading class java/util/concurrent/CountDownLatch done
Event: 2.378 loading class java/util/concurrent/CountDownLatch$Sync
Event: 2.378 loading class java/util/concurrent/CountDownLatch$Sync done
Event: 2.387 loading class java/util/concurrent/locks/AbstractQueuedSynchronizer$SharedNode
Event: 2.387 loading class java/util/concurrent/locks/AbstractQueuedSynchronizer$SharedNode done
Event: 2.412 loading class java/lang/IllegalAccessError
Event: 2.412 loading class java/lang/IllegalAccessError done
Event: 2.421 loading class java/util/TimerTask
Event: 2.421 loading class java/util/TimerTask done
Event: 2.430 Thread 0x000001c6581188f0 Thread added: 0x000001c6581188f0
Event: 2.433 loading class java/util/MissingResourceException
Event: 2.433 loading class java/util/MissingResourceException done


Dynamic libraries:
0x00007ff7b4530000 - 0x00007ff7b453e000 	c:\Users\BBK.BCA\.vscode\extensions\redhat.java-1.14.0-win32-x64\jre\17.0.5-win32-x86_64\bin\java.exe
0x00007ffd31690000 - 0x00007ffd31888000 	C:\WINDOWS\SYSTEM32\ntdll.dll
0x00007ffd2ffb0000 - 0x00007ffd3006d000 	C:\WINDOWS\System32\KERNEL32.DLL
0x00007ffd2f070000 - 0x00007ffd2f33e000 	C:\WINDOWS\System32\KERNELBASE.dll
0x00007ffd2f5a0000 - 0x00007ffd2f6a0000 	C:\WINDOWS\System32\ucrtbase.dll
0x00007ffd1c920000 - 0x00007ffd1c939000 	c:\Users\BBK.BCA\.vscode\extensions\redhat.java-1.14.0-win32-x64\jre\17.0.5-win32-x86_64\bin\VCRUNTIME140.dll
0x00007ffd19a80000 - 0x00007ffd19a97000 	c:\Users\BBK.BCA\.vscode\extensions\redhat.java-1.14.0-win32-x64\jre\17.0.5-win32-x86_64\bin\jli.dll
0x00007ffd307a0000 - 0x00007ffd30940000 	C:\WINDOWS\System32\USER32.dll
0x00007ffd2f040000 - 0x00007ffd2f062000 	C:\WINDOWS\System32\win32u.dll
0x00007ffd2f7b0000 - 0x00007ffd2f7da000 	C:\WINDOWS\System32\GDI32.dll
0x00007ffd2f490000 - 0x00007ffd2f59b000 	C:\WINDOWS\System32\gdi32full.dll
0x00007ffd2ee40000 - 0x00007ffd2eedd000 	C:\WINDOWS\System32\msvcp_win.dll
0x00007ffd1b9b0000 - 0x00007ffd1bc4a000 	C:\WINDOWS\WinSxS\amd64_microsoft.windows.common-controls_6595b64144ccf1df_6.0.19041.1110_none_60b5254171f9507e\COMCTL32.dll
0x00007ffd30170000 - 0x00007ffd3020e000 	C:\WINDOWS\System32\msvcrt.dll
0x00007ffd2fd90000 - 0x00007ffd2fdc0000 	C:\WINDOWS\System32\IMM32.DLL
0x00007ffd22910000 - 0x00007ffd2291c000 	c:\Users\BBK.BCA\.vscode\extensions\redhat.java-1.14.0-win32-x64\jre\17.0.5-win32-x86_64\bin\vcruntime140_1.dll
0x00007ffcf9c00000 - 0x00007ffcf9c91000 	c:\Users\BBK.BCA\.vscode\extensions\redhat.java-1.14.0-win32-x64\jre\17.0.5-win32-x86_64\bin\msvcp140.dll
0x00007ffce8bb0000 - 0x00007ffce97f4000 	c:\Users\BBK.BCA\.vscode\extensions\redhat.java-1.14.0-win32-x64\jre\17.0.5-win32-x86_64\bin\server\jvm.dll
0x00007ffd2fbc0000 - 0x00007ffd2fc6e000 	C:\WINDOWS\System32\ADVAPI32.dll
0x00007ffd30b20000 - 0x00007ffd30bbc000 	C:\WINDOWS\System32\sechost.dll
0x00007ffd30d70000 - 0x00007ffd30e95000 	C:\WINDOWS\System32\RPCRT4.dll
0x00007ffd17c70000 - 0x00007ffd17c79000 	C:\WINDOWS\SYSTEM32\WSOCK32.dll
0x00007ffd30210000 - 0x00007ffd3027b000 	C:\WINDOWS\System32\WS2_32.dll
0x00007ffd25ce0000 - 0x00007ffd25d07000 	C:\WINDOWS\SYSTEM32\WINMM.dll
0x00007ffd26b80000 - 0x00007ffd26b8a000 	C:\WINDOWS\SYSTEM32\VERSION.dll
0x00007ffd2cca0000 - 0x00007ffd2ccb2000 	C:\WINDOWS\SYSTEM32\kernel.appcore.dll
0x00007ffd22810000 - 0x00007ffd2281a000 	c:\Users\BBK.BCA\.vscode\extensions\redhat.java-1.14.0-win32-x64\jre\17.0.5-win32-x86_64\bin\jimage.dll
0x00007ffd17a60000 - 0x00007ffd17c44000 	C:\WINDOWS\SYSTEM32\DBGHELP.DLL
0x00007ffd15960000 - 0x00007ffd1598c000 	C:\WINDOWS\SYSTEM32\dbgcore.DLL
0x00007ffd2edb0000 - 0x00007ffd2ee32000 	C:\WINDOWS\System32\bcryptPrimitives.dll
0x00007ffd224d0000 - 0x00007ffd224de000 	c:\Users\BBK.BCA\.vscode\extensions\redhat.java-1.14.0-win32-x64\jre\17.0.5-win32-x86_64\bin\instrument.dll
0x00007ffd19a50000 - 0x00007ffd19a75000 	c:\Users\BBK.BCA\.vscode\extensions\redhat.java-1.14.0-win32-x64\jre\17.0.5-win32-x86_64\bin\java.dll
0x00007ffd160d0000 - 0x00007ffd160e8000 	c:\Users\BBK.BCA\.vscode\extensions\redhat.java-1.14.0-win32-x64\jre\17.0.5-win32-x86_64\bin\zip.dll
0x00007ffd30ea0000 - 0x00007ffd315e3000 	C:\WINDOWS\System32\SHELL32.dll
0x00007ffd2cea0000 - 0x00007ffd2d635000 	C:\WINDOWS\SYSTEM32\windows.storage.dll
0x00007ffd2f7e0000 - 0x00007ffd2fb34000 	C:\WINDOWS\System32\combase.dll
0x00007ffd2e7a0000 - 0x00007ffd2e7d0000 	C:\WINDOWS\SYSTEM32\Wldp.dll
0x00007ffd2fdc0000 - 0x00007ffd2fe6d000 	C:\WINDOWS\System32\SHCORE.dll
0x00007ffd309d0000 - 0x00007ffd30a25000 	C:\WINDOWS\System32\shlwapi.dll
0x00007ffd2ecf0000 - 0x00007ffd2ed0f000 	C:\WINDOWS\SYSTEM32\profapi.dll
0x00007ffd15ff0000 - 0x00007ffd16009000 	C:\Users\BBK.BCA\.vscode\extensions\redhat.java-1.14.0-win32-x64\jre\17.0.5-win32-x86_64\bin\net.dll
0x00007ffd23ec0000 - 0x00007ffd23fca000 	C:\WINDOWS\SYSTEM32\WINHTTP.dll
0x00007ffd2e4a0000 - 0x00007ffd2e50a000 	C:\WINDOWS\system32\mswsock.dll
0x00007ffd13510000 - 0x00007ffd13525000 	C:\Users\BBK.BCA\.vscode\extensions\redhat.java-1.14.0-win32-x64\jre\17.0.5-win32-x86_64\bin\nio.dll
0x00007ffd1dc20000 - 0x00007ffd1dc30000 	c:\Users\BBK.BCA\.vscode\extensions\redhat.java-1.14.0-win32-x64\jre\17.0.5-win32-x86_64\bin\verify.dll
0x00007ffd03fd0000 - 0x00007ffd0400e000 	C:\Users\BBK.BCA\AppData\Roaming\Code\User\globalStorage\redhat.java\1.14.0\config_ss_win\org.eclipse.equinox.launcher\org.eclipse.equinox.launcher.win32.win32.x86_64_1.2.700.v20221108-1024\eclipse_11801.dll
0x00007ffd2fe80000 - 0x00007ffd2ffaa000 	C:\WINDOWS\System32\ole32.dll

dbghelp: loaded successfully - version: 4.0.5 - missing functions: none
symbol engine: initialized successfully - sym options: 0x614 - pdb path: .;c:\Users\BBK.BCA\.vscode\extensions\redhat.java-1.14.0-win32-x64\jre\17.0.5-win32-x86_64\bin;C:\WINDOWS\SYSTEM32;C:\WINDOWS\WinSxS\amd64_microsoft.windows.common-controls_6595b64144ccf1df_6.0.19041.1110_none_60b5254171f9507e;c:\Users\BBK.BCA\.vscode\extensions\redhat.java-1.14.0-win32-x64\jre\17.0.5-win32-x86_64\bin\server;C:\Users\BBK.BCA\AppData\Roaming\Code\User\globalStorage\redhat.java\1.14.0\config_ss_win\org.eclipse.equinox.launcher\org.eclipse.equinox.launcher.win32.win32.x86_64_1.2.700.v20221108-1024

VM Arguments:
jvm_args: --add-modules=ALL-SYSTEM --add-opens=java.base/java.util=ALL-UNNAMED --add-opens=java.base/java.lang=ALL-UNNAMED --add-opens=java.base/sun.nio.fs=ALL-UNNAMED -Declipse.application=org.eclipse.jdt.ls.core.id1 -Dosgi.bundles.defaultStartLevel=4 -Declipse.product=org.eclipse.jdt.ls.core.product -Djava.import.generatesMetadataFilesAtProjectRoot=false -Dfile.encoding=utf8 -XX:+UseParallelGC -XX:GCTimeRatio=4 -XX:AdaptiveSizePolicyWeight=90 -Dsun.zip.disableMemoryMapping=true -Xmx1G -Xms100m -Xlog:disable -javaagent:c:\Users\BBK.BCA\.vscode\extensions\redhat.java-1.14.0-win32-x64\lombok\lombok-1.18.24.jar 
java_command: c:\Users\BBK.BCA\.vscode\extensions\redhat.java-1.14.0-win32-x64\server\plugins\org.eclipse.equinox.launcher_1.6.400.v20210924-0641.jar -configuration c:\Users\BBK.BCA\AppData\Roaming\Code\User\globalStorage\redhat.java\1.14.0\config_ss_win -data c:\Users\BBK.BCA\AppData\Roaming\Code\User\workspaceStorage\6503691aeb8c9468764ee7ed2133f85a\redhat.java\ss_ws
java_class_path (initial): c:\Users\BBK.BCA\.vscode\extensions\redhat.java-1.14.0-win32-x64\server\plugins\org.eclipse.equinox.launcher_1.6.400.v20210924-0641.jar
Launcher Type: SUN_STANDARD

[Global flags]
    uintx AdaptiveSizePolicyWeight                 = 90                                        {product} {command line}
     intx CICompilerCount                          = 4                                         {product} {ergonomic}
    uintx GCTimeRatio                              = 4                                         {product} {command line}
   size_t InitialHeapSize                          = 104857600                                 {product} {command line}
   size_t MaxHeapSize                              = 1073741824                                {product} {command line}
   size_t MaxNewSize                               = 357564416                                 {product} {ergonomic}
   size_t MinHeapDeltaBytes                        = 524288                                    {product} {ergonomic}
   size_t MinHeapSize                              = 104857600                                 {product} {command line}
   size_t NewSize                                  = 34603008                                  {product} {ergonomic}
    uintx NonNMethodCodeHeapSize                   = 5839372                                {pd product} {ergonomic}
    uintx NonProfiledCodeHeapSize                  = 122909434                              {pd product} {ergonomic}
   size_t OldSize                                  = 70254592                                  {product} {ergonomic}
    uintx ProfiledCodeHeapSize                     = 122909434                              {pd product} {ergonomic}
    uintx ReservedCodeCacheSize                    = 251658240                              {pd product} {ergonomic}
     bool SegmentedCodeCache                       = true                                      {product} {ergonomic}
   size_t SoftMaxHeapSize                          = 1073741824                             {manageable} {ergonomic}
     bool UseCompressedClassPointers               = true                           {product lp64_product} {ergonomic}
     bool UseCompressedOops                        = true                           {product lp64_product} {ergonomic}
     bool UseLargePagesIndividualAllocation        = false                                  {pd product} {ergonomic}
     bool UseParallelGC                            = true                                      {product} {command line}

Logging:
Log output configuration:
 #0: stdout all=off uptime,level,tags
 #1: stderr all=off uptime,level,tags

Environment Variables:
JAVA_HOME=C:\Program Files\Eclipse Adoptium\jdk-17.0.5.8-hotspot\
PATH=C:\Program Files\Eclipse Adoptium\jdk-17.0.5.8-hotspot\bin;C:\Python310\Scripts\;C:\Python310\;C:\Program Files (x86)\Common Files\Oracle\Java\javapath;C:\WINDOWS\system32;C:\WINDOWS;C:\WINDOWS\System32\Wbem;C:\WINDOWS\System32\WindowsPowerShell\v1.0\;C:\WINDOWS\System32\OpenSSH\;C:\Program Files\Java\jre1.8.0_311\bin;C:\ProgramData\chocolatey\bin;C:\Program Files\nodejs\;C:\Program Files\dotnet\;C:\xampp\php;C:\xampp\php\windowsXamppPhp;C:\ProgramData\ComposerSetup\bin;C:\Program Files\Git\cmd;C:\Users\BBK.BCA\AppData\Local\Programs\Python\Python39\Scripts\;C:\Users\BBK.BCA\AppData\Local\Programs\Python\Python39\;C:\Users\BBK.BCA\AppData\Local\Microsoft\WindowsApps;C:\Users\BBK.BCA\AppData\Local\Programs\Microsoft VS Code\bin;C:\Program Files (x86)\mingw-w64\i686-8.1.0-posix-dwarf-rt_v6-rev0\mingw32\bin;C:\Program Files\nodejs;C:\Users\BBK.BCA\AppData\Local\GitHubDesktop\bin;C:\Users\BBK.BCA\AppData\Roaming\npm;C:\Users\BBK.BCA\AppData\Roaming\Composer\vendor\bin
USERNAME=BBK.BCA
TMPDIR=C:\Users\Public\Documents\Wondershare\CreatorTemp
OS=Windows_NT
PROCESSOR_IDENTIFIER=AMD64 Family 23 Model 17 Stepping 0, AuthenticAMD
TMP=C:\Users\BBK.BCA\AppData\Local\Temp
TEMP=C:\Users\BBK.BCA\AppData\Local\Temp



---------------  S Y S T E M  ---------------

OS:
 Windows 10 , 64 bit Build 19041 (10.0.19041.1889)
OS uptime: 0 days 4:59 hours

CPU: total 8 (initial active 8) (8 cores per cpu, 2 threads per core) family 23 model 17 stepping 0 microcode 0x0, cx8, cmov, fxsr, ht, mmx, 3dnowpref, sse, sse2, sse3, ssse3, sse4a, sse4.1, sse4.2, popcnt, lzcnt, tsc, tscinvbit, avx, avx2, aes, clmul, bmi1, bmi2, adx, sha, fma, vzeroupper, clflush, clflushopt

Memory: 4k page, system-wide physical 7112M (492M free)
TotalPageFile size 12076M (AvailPageFile size 0M)
current process WorkingSet (physical memory assigned to process): 83M, peak: 84M
current process commit charge ("private bytes"): 204M, peak: 206M

vm_info: OpenJDK 64-Bit Server VM (17.0.5+8) for windows-amd64 JRE (17.0.5+8), built on Oct 19 2022 04:48:13 by "temurin" with MS VC++ 16.7 (VS2019)

END.
