#
# There is insufficient memory for the Java Runtime Environment to continue.
# Native memory allocation (malloc) failed to allocate 49920 bytes for Chunk::new
# Possible reasons:
#   The system is out of physical RAM or swap space
#   The process is running with CompressedOops enabled, and the Java Heap may be blocking the growth of the native heap
# Possible solutions:
#   Reduce memory load on the system
#   Increase physical memory or swap space
#   Check if swap backing store is full
#   Decrease Java heap size (-Xmx/-Xms)
#   Decrease number of Java threads
#   Decrease Java thread stack sizes (-Xss)
#   Set larger code cache with -XX:ReservedCodeCacheSize=
#   JVM is running with Unscaled Compressed Oops mode in which the Java heap is
#     placed in the first 4GB address space. The Java Heap base address is the
#     maximum limit for the native heap growth. Please use -XX:HeapBaseMinAddress
#     to set the Java Heap base and to place the Java Heap above 4GB virtual address.
# This output file may be truncated or incomplete.
#
#  Out of Memory Error (arena.cpp:189), pid=15884, tid=15072
#
# JRE version: OpenJDK Runtime Environment Temurin-17.0.5+8 (17.0.5+8) (build 17.0.5+8)
# Java VM: OpenJDK 64-Bit Server VM Temurin-17.0.5+8 (17.0.5+8, mixed mode, tiered, compressed oops, compressed class ptrs, g1 gc, windows-amd64)
# No core dump will be written. Minidumps are not enabled by default on client versions of Windows
#

---------------  S U M M A R Y ------------

Command Line: -XX:+ShowCodeDetailsInExceptionMessages Find_Inverse

Host: AMD Ryzen 5 2500U with Radeon Vega Mobile Gfx  , 8 cores, 6G,  Windows 10 , 64 bit Build 19041 (10.0.19041.1889)
Time: Tue Jan 24 20:37:34 2023 India Standard Time elapsed time: 0.404103 seconds (0d 0h 0m 0s)

---------------  T H R E A D  ---------------

Current thread (0x000001ea038dbc30):  JavaThread "main" [_thread_in_vm, id=15072, stack(0x000000b028000000,0x000000b028100000)]

Stack: [0x000000b028000000,0x000000b028100000]
Native frames: (J=compiled Java code, j=interpreted, Vv=VM code, C=native code)
V  [jvm.dll+0x676b3a]
V  [jvm.dll+0x831444]
V  [jvm.dll+0x832bee]
V  [jvm.dll+0x833253]
V  [jvm.dll+0x244ce5]
V  [jvm.dll+0xabbac]
V  [jvm.dll+0xac17c]
V  [jvm.dll+0x1f18fa]
V  [jvm.dll+0x1f0542]
V  [jvm.dll+0x7ab9db]
V  [jvm.dll+0x7acd82]
V  [jvm.dll+0x7ad0b8]
V  [jvm.dll+0x23d0ee]
V  [jvm.dll+0x37e55e]
C  0x000001ea0cbeb6ce

Java frames: (J=compiled Java code, j=interpreted, Vv=VM code)
j  java.lang.invoke.MethodHandles$Lookup$ClassFile.newInstance([BLjava/lang/String;)Ljava/lang/invoke/MethodHandles$Lookup$ClassFile;+99 java.base@17.0.5
j  java.lang.invoke.MethodHandles$Lookup.makeHiddenClassDefiner([BLjava/util/Set;Z)Ljava/lang/invoke/MethodHandles$Lookup$ClassDefiner;+8 java.base@17.0.5
j  java.lang.invoke.MethodHandles$Lookup.defineHiddenClass([BZ[Ljava/lang/invoke/MethodHandles$Lookup$ClassOption;)Ljava/lang/invoke/MethodHandles$Lookup;+61 java.base@17.0.5
j  java.lang.invoke.InnerClassLambdaMetafactory.generateInnerClass()Ljava/lang/Class;+580 java.base@17.0.5
j  java.lang.invoke.InnerClassLambdaMetafactory.spinInnerClass()Ljava/lang/Class;+114 java.base@17.0.5
j  java.lang.invoke.InnerClassLambdaMetafactory.buildCallSite()Ljava/lang/invoke/CallSite;+1 java.base@17.0.5
j  java.lang.invoke.LambdaMetafactory.metafactory(Ljava/lang/invoke/MethodHandles$Lookup;Ljava/lang/String;Ljava/lang/invoke/MethodType;Ljava/lang/invoke/MethodType;Ljava/lang/invoke/MethodHandle;Ljava/lang/invoke/MethodType;)Ljava/lang/invoke/CallSite;+67 java.base@17.0.5
j  java.lang.invoke.DirectMethodHandle$Holder.invokeStatic(Ljava/lang/Object;Ljava/lang/Object;Ljava/lang/Object;Ljava/lang/Object;Ljava/lang/Object;Ljava/lang/Object;Ljava/lang/Object;)Ljava/lang/Object;+20 java.base@17.0.5
j  java.lang.invoke.Invokers$Holder.invokeExact_MT(Ljava/lang/Object;Ljava/lang/Object;Ljava/lang/Object;Ljava/lang/Object;Ljava/lang/Object;Ljava/lang/Object;Ljava/lang/Object;Ljava/lang/Object;)Ljava/lang/Object;+28 java.base@17.0.5
j  java.lang.invoke.BootstrapMethodInvoker.invoke(Ljava/lang/Class;Ljava/lang/invoke/MethodHandle;Ljava/lang/String;Ljava/lang/Object;Ljava/lang/Object;Ljava/lang/Class;)Ljava/lang/Object;+319 java.base@17.0.5
j  java.lang.invoke.CallSite.makeSite(Ljava/lang/invoke/MethodHandle;Ljava/lang/String;Ljava/lang/invoke/MethodType;Ljava/lang/Object;Ljava/lang/Class;)Ljava/lang/invoke/CallSite;+8 java.base@17.0.5
j  java.lang.invoke.MethodHandleNatives.linkCallSiteImpl(Ljava/lang/Class;Ljava/lang/invoke/MethodHandle;Ljava/lang/String;Ljava/lang/invoke/MethodType;Ljava/lang/Object;[Ljava/lang/Object;)Ljava/lang/invoke/MemberName;+6 java.base@17.0.5
j  java.lang.invoke.MethodHandleNatives.linkCallSite(Ljava/lang/Object;ILjava/lang/Object;Ljava/lang/Object;Ljava/lang/Object;Ljava/lang/Object;[Ljava/lang/Object;)Ljava/lang/invoke/MemberName;+46 java.base@17.0.5
v  ~StubRoutines::call_stub
j  java.util.regex.CharPredicates.forProperty(Ljava/lang/String;Z)Ljava/util/regex/Pattern$CharPredicate;+2693 java.base@17.0.5
j  java.util.regex.Pattern.family(ZZ)Ljava/util/regex/Pattern$CharPredicate;+605 java.base@17.0.5
j  java.util.regex.Pattern.sequence(Ljava/util/regex/Pattern$Node;)Ljava/util/regex/Pattern$Node;+329 java.base@17.0.5
j  java.util.regex.Pattern.expr(Ljava/util/regex/Pattern$Node;)Ljava/util/regex/Pattern$Node;+12 java.base@17.0.5
j  java.util.regex.Pattern.compile()V+222 java.base@17.0.5
j  java.util.regex.Pattern.<init>(Ljava/lang/String;I)V+108 java.base@17.0.5
j  java.util.regex.Pattern.compile(Ljava/lang/String;)Ljava/util/regex/Pattern;+6 java.base@17.0.5
j  java.util.Scanner.<clinit>()V+19 java.base@17.0.5
v  ~StubRoutines::call_stub
j  Find_Inverse.main([Ljava/lang/String;)V+4
v  ~StubRoutines::call_stub

---------------  P R O C E S S  ---------------

Threads class SMR info:
_java_thread_list=0x000001ea23e932a0, length=12, elements={
0x000001ea038dbc30, 0x000001ea23342260, 0x000001ea23344880, 0x000001ea2335b1b0,
0x000001ea2335ba70, 0x000001ea2335cad0, 0x000001ea2335db30, 0x000001ea23d38560,
0x000001ea23d39600, 0x000001ea23d3c6b0, 0x000001ea23e79be0, 0x000001ea23e94230
}

Java Threads: ( => current thread )
=>0x000001ea038dbc30 JavaThread "main" [_thread_in_vm, id=15072, stack(0x000000b028000000,0x000000b028100000)]
  0x000001ea23342260 JavaThread "Reference Handler" daemon [_thread_blocked, id=12452, stack(0x000000b028700000,0x000000b028800000)]
  0x000001ea23344880 JavaThread "Finalizer" daemon [_thread_blocked, id=8596, stack(0x000000b028800000,0x000000b028900000)]
  0x000001ea2335b1b0 JavaThread "Signal Dispatcher" daemon [_thread_blocked, id=5420, stack(0x000000b028900000,0x000000b028a00000)]
  0x000001ea2335ba70 JavaThread "Attach Listener" daemon [_thread_blocked, id=9628, stack(0x000000b028a00000,0x000000b028b00000)]
  0x000001ea2335cad0 JavaThread "Service Thread" daemon [_thread_blocked, id=3452, stack(0x000000b028b00000,0x000000b028c00000)]
  0x000001ea2335db30 JavaThread "Monitor Deflation Thread" daemon [_thread_blocked, id=12312, stack(0x000000b028c00000,0x000000b028d00000)]
  0x000001ea23d38560 JavaThread "C2 CompilerThread0" daemon [_thread_blocked, id=13888, stack(0x000000b028d00000,0x000000b028e00000)]
  0x000001ea23d39600 JavaThread "C1 CompilerThread0" daemon [_thread_blocked, id=8248, stack(0x000000b028e00000,0x000000b028f00000)]
  0x000001ea23d3c6b0 JavaThread "Sweeper thread" daemon [_thread_blocked, id=7772, stack(0x000000b028f00000,0x000000b029000000)]
  0x000001ea23e79be0 JavaThread "Notification Thread" daemon [_thread_blocked, id=9976, stack(0x000000b029000000,0x000000b029100000)]
  0x000001ea23e94230 JavaThread "Common-Cleaner" daemon [_thread_blocked, id=16640, stack(0x000000b029200000,0x000000b029300000)]

Other Threads:
  0x000001ea232db3f0 VMThread "VM Thread" [stack: 0x000000b028600000,0x000000b028700000] [id=10900]
  0x000001ea03948a50 WatcherThread [stack: 0x000000b029100000,0x000000b029200000] [id=15832]
  0x000001ea03931770 GCTaskThread "GC Thread#0" [stack: 0x000000b028100000,0x000000b028200000] [id=5052]
  0x000001ea03940cd0 ConcurrentGCThread "G1 Main Marker" [stack: 0x000000b028200000,0x000000b028300000] [id=11912]
  0x000001ea039416e0 ConcurrentGCThread "G1 Conc#0" [stack: 0x000000b028300000,0x000000b028400000] [id=15528]
  0x000001ea039a48d0 ConcurrentGCThread "G1 Refine#0" [stack: 0x000000b028400000,0x000000b028500000] [id=496]
  0x000001ea231813f0 ConcurrentGCThread "G1 Service" [stack: 0x000000b028500000,0x000000b028600000] [id=15060]

Threads with active compile tasks:

VM state: not at safepoint (normal execution)

VM Mutex/Monitor currently owned by a thread: None

Heap address: 0x0000000090c00000, size: 1780 MB, Compressed Oops mode: 32-bit

CDS archive(s) not mapped
Compressed class space mapped at: 0x0000000100000000-0x0000000140000000, reserved size: 1073741824
Narrow klass base: 0x0000000000000000, Narrow klass shift: 3, Narrow klass range: 0x140000000

GC Precious Log:
 CPUs: 8 total, 8 available
 Memory: 7112M
 Large Page Support: Disabled
 NUMA Support: Disabled
 Compressed Oops: Enabled (32-bit)
 Heap Region Size: 1M
 Heap Min Capacity: 8M
 Heap Initial Capacity: 112M
 Heap Max Capacity: 1780M
 Pre-touch: Disabled
 Parallel Workers: 8
 Concurrent Workers: 2
 Concurrent Refinement Workers: 8
 Periodic GC: Disabled

Heap:
 garbage-first heap   total 114688K, used 1024K [0x0000000090c00000, 0x0000000100000000)
  region size 1024K, 2 young (2048K), 0 survivors (0K)
 Metaspace       used 4554K, committed 4736K, reserved 1056768K
  class space    used 350K, committed 448K, reserved 1048576K

Heap Regions: E=young(eden), S=young(survivor), O=old, HS=humongous(starts), HC=humongous(continues), CS=collection set, F=free, OA=open archive, CA=closed archive, TAMS=top-at-mark-start (previous, next)
|   0|0x0000000090c00000, 0x0000000090c00000, 0x0000000090d00000|  0%| F|  |TAMS 0x0000000090c00000, 0x0000000090c00000| Untracked 
|   1|0x0000000090d00000, 0x0000000090d00000, 0x0000000090e00000|  0%| F|  |TAMS 0x0000000090d00000, 0x0000000090d00000| Untracked 
|   2|0x0000000090e00000, 0x0000000090e00000, 0x0000000090f00000|  0%| F|  |TAMS 0x0000000090e00000, 0x0000000090e00000| Untracked 
|   3|0x0000000090f00000, 0x0000000090f00000, 0x0000000091000000|  0%| F|  |TAMS 0x0000000090f00000, 0x0000000090f00000| Untracked 
|   4|0x0000000091000000, 0x0000000091000000, 0x0000000091100000|  0%| F|  |TAMS 0x0000000091000000, 0x0000000091000000| Untracked 
|   5|0x0000000091100000, 0x0000000091100000, 0x0000000091200000|  0%| F|  |TAMS 0x0000000091100000, 0x0000000091100000| Untracked 
|   6|0x0000000091200000, 0x0000000091200000, 0x0000000091300000|  0%| F|  |TAMS 0x0000000091200000, 0x0000000091200000| Untracked 
|   7|0x0000000091300000, 0x0000000091300000, 0x0000000091400000|  0%| F|  |TAMS 0x0000000091300000, 0x0000000091300000| Untracked 
|   8|0x0000000091400000, 0x0000000091400000, 0x0000000091500000|  0%| F|  |TAMS 0x0000000091400000, 0x0000000091400000| Untracked 
|   9|0x0000000091500000, 0x0000000091500000, 0x0000000091600000|  0%| F|  |TAMS 0x0000000091500000, 0x0000000091500000| Untracked 
|  10|0x0000000091600000, 0x0000000091600000, 0x0000000091700000|  0%| F|  |TAMS 0x0000000091600000, 0x0000000091600000| Untracked 
|  11|0x0000000091700000, 0x0000000091700000, 0x0000000091800000|  0%| F|  |TAMS 0x0000000091700000, 0x0000000091700000| Untracked 
|  12|0x0000000091800000, 0x0000000091800000, 0x0000000091900000|  0%| F|  |TAMS 0x0000000091800000, 0x0000000091800000| Untracked 
|  13|0x0000000091900000, 0x0000000091900000, 0x0000000091a00000|  0%| F|  |TAMS 0x0000000091900000, 0x0000000091900000| Untracked 
|  14|0x0000000091a00000, 0x0000000091a00000, 0x0000000091b00000|  0%| F|  |TAMS 0x0000000091a00000, 0x0000000091a00000| Untracked 
|  15|0x0000000091b00000, 0x0000000091b00000, 0x0000000091c00000|  0%| F|  |TAMS 0x0000000091b00000, 0x0000000091b00000| Untracked 
|  16|0x0000000091c00000, 0x0000000091c00000, 0x0000000091d00000|  0%| F|  |TAMS 0x0000000091c00000, 0x0000000091c00000| Untracked 
|  17|0x0000000091d00000, 0x0000000091d00000, 0x0000000091e00000|  0%| F|  |TAMS 0x0000000091d00000, 0x0000000091d00000| Untracked 
|  18|0x0000000091e00000, 0x0000000091e00000, 0x0000000091f00000|  0%| F|  |TAMS 0x0000000091e00000, 0x0000000091e00000| Untracked 
|  19|0x0000000091f00000, 0x0000000091f00000, 0x0000000092000000|  0%| F|  |TAMS 0x0000000091f00000, 0x0000000091f00000| Untracked 
|  20|0x0000000092000000, 0x0000000092000000, 0x0000000092100000|  0%| F|  |TAMS 0x0000000092000000, 0x0000000092000000| Untracked 
|  21|0x0000000092100000, 0x0000000092100000, 0x0000000092200000|  0%| F|  |TAMS 0x0000000092100000, 0x0000000092100000| Untracked 
|  22|0x0000000092200000, 0x0000000092200000, 0x0000000092300000|  0%| F|  |TAMS 0x0000000092200000, 0x0000000092200000| Untracked 
|  23|0x0000000092300000, 0x0000000092300000, 0x0000000092400000|  0%| F|  |TAMS 0x0000000092300000, 0x0000000092300000| Untracked 
|  24|0x0000000092400000, 0x0000000092400000, 0x0000000092500000|  0%| F|  |TAMS 0x0000000092400000, 0x0000000092400000| Untracked 
|  25|0x0000000092500000, 0x0000000092500000, 0x0000000092600000|  0%| F|  |TAMS 0x0000000092500000, 0x0000000092500000| Untracked 
|  26|0x0000000092600000, 0x0000000092600000, 0x0000000092700000|  0%| F|  |TAMS 0x0000000092600000, 0x0000000092600000| Untracked 
|  27|0x0000000092700000, 0x0000000092700000, 0x0000000092800000|  0%| F|  |TAMS 0x0000000092700000, 0x0000000092700000| Untracked 
|  28|0x0000000092800000, 0x0000000092800000, 0x0000000092900000|  0%| F|  |TAMS 0x0000000092800000, 0x0000000092800000| Untracked 
|  29|0x0000000092900000, 0x0000000092900000, 0x0000000092a00000|  0%| F|  |TAMS 0x0000000092900000, 0x0000000092900000| Untracked 
|  30|0x0000000092a00000, 0x0000000092a00000, 0x0000000092b00000|  0%| F|  |TAMS 0x0000000092a00000, 0x0000000092a00000| Untracked 
|  31|0x0000000092b00000, 0x0000000092b00000, 0x0000000092c00000|  0%| F|  |TAMS 0x0000000092b00000, 0x0000000092b00000| Untracked 
|  32|0x0000000092c00000, 0x0000000092c00000, 0x0000000092d00000|  0%| F|  |TAMS 0x0000000092c00000, 0x0000000092c00000| Untracked 
|  33|0x0000000092d00000, 0x0000000092d00000, 0x0000000092e00000|  0%| F|  |TAMS 0x0000000092d00000, 0x0000000092d00000| Untracked 
|  34|0x0000000092e00000, 0x0000000092e00000, 0x0000000092f00000|  0%| F|  |TAMS 0x0000000092e00000, 0x0000000092e00000| Untracked 
|  35|0x0000000092f00000, 0x0000000092f00000, 0x0000000093000000|  0%| F|  |TAMS 0x0000000092f00000, 0x0000000092f00000| Untracked 
|  36|0x0000000093000000, 0x0000000093000000, 0x0000000093100000|  0%| F|  |TAMS 0x0000000093000000, 0x0000000093000000| Untracked 
|  37|0x0000000093100000, 0x0000000093100000, 0x0000000093200000|  0%| F|  |TAMS 0x0000000093100000, 0x0000000093100000| Untracked 
|  38|0x0000000093200000, 0x0000000093200000, 0x0000000093300000|  0%| F|  |TAMS 0x0000000093200000, 0x0000000093200000| Untracked 
|  39|0x0000000093300000, 0x0000000093300000, 0x0000000093400000|  0%| F|  |TAMS 0x0000000093300000, 0x0000000093300000| Untracked 
|  40|0x0000000093400000, 0x0000000093400000, 0x0000000093500000|  0%| F|  |TAMS 0x0000000093400000, 0x0000000093400000| Untracked 
|  41|0x0000000093500000, 0x0000000093500000, 0x0000000093600000|  0%| F|  |TAMS 0x0000000093500000, 0x0000000093500000| Untracked 
|  42|0x0000000093600000, 0x0000000093600000, 0x0000000093700000|  0%| F|  |TAMS 0x0000000093600000, 0x0000000093600000| Untracked 
|  43|0x0000000093700000, 0x0000000093700000, 0x0000000093800000|  0%| F|  |TAMS 0x0000000093700000, 0x0000000093700000| Untracked 
|  44|0x0000000093800000, 0x0000000093800000, 0x0000000093900000|  0%| F|  |TAMS 0x0000000093800000, 0x0000000093800000| Untracked 
|  45|0x0000000093900000, 0x0000000093900000, 0x0000000093a00000|  0%| F|  |TAMS 0x0000000093900000, 0x0000000093900000| Untracked 
|  46|0x0000000093a00000, 0x0000000093a00000, 0x0000000093b00000|  0%| F|  |TAMS 0x0000000093a00000, 0x0000000093a00000| Untracked 
|  47|0x0000000093b00000, 0x0000000093b00000, 0x0000000093c00000|  0%| F|  |TAMS 0x0000000093b00000, 0x0000000093b00000| Untracked 
|  48|0x0000000093c00000, 0x0000000093c00000, 0x0000000093d00000|  0%| F|  |TAMS 0x0000000093c00000, 0x0000000093c00000| Untracked 
|  49|0x0000000093d00000, 0x0000000093d00000, 0x0000000093e00000|  0%| F|  |TAMS 0x0000000093d00000, 0x0000000093d00000| Untracked 
|  50|0x0000000093e00000, 0x0000000093e00000, 0x0000000093f00000|  0%| F|  |TAMS 0x0000000093e00000, 0x0000000093e00000| Untracked 
|  51|0x0000000093f00000, 0x0000000093f00000, 0x0000000094000000|  0%| F|  |TAMS 0x0000000093f00000, 0x0000000093f00000| Untracked 
|  52|0x0000000094000000, 0x0000000094000000, 0x0000000094100000|  0%| F|  |TAMS 0x0000000094000000, 0x0000000094000000| Untracked 
|  53|0x0000000094100000, 0x0000000094100000, 0x0000000094200000|  0%| F|  |TAMS 0x0000000094100000, 0x0000000094100000| Untracked 
|  54|0x0000000094200000, 0x0000000094200000, 0x0000000094300000|  0%| F|  |TAMS 0x0000000094200000, 0x0000000094200000| Untracked 
|  55|0x0000000094300000, 0x0000000094300000, 0x0000000094400000|  0%| F|  |TAMS 0x0000000094300000, 0x0000000094300000| Untracked 
|  56|0x0000000094400000, 0x0000000094400000, 0x0000000094500000|  0%| F|  |TAMS 0x0000000094400000, 0x0000000094400000| Untracked 
|  57|0x0000000094500000, 0x0000000094500000, 0x0000000094600000|  0%| F|  |TAMS 0x0000000094500000, 0x0000000094500000| Untracked 
|  58|0x0000000094600000, 0x0000000094600000, 0x0000000094700000|  0%| F|  |TAMS 0x0000000094600000, 0x0000000094600000| Untracked 
|  59|0x0000000094700000, 0x0000000094700000, 0x0000000094800000|  0%| F|  |TAMS 0x0000000094700000, 0x0000000094700000| Untracked 
|  60|0x0000000094800000, 0x0000000094800000, 0x0000000094900000|  0%| F|  |TAMS 0x0000000094800000, 0x0000000094800000| Untracked 
|  61|0x0000000094900000, 0x0000000094900000, 0x0000000094a00000|  0%| F|  |TAMS 0x0000000094900000, 0x0000000094900000| Untracked 
|  62|0x0000000094a00000, 0x0000000094a00000, 0x0000000094b00000|  0%| F|  |TAMS 0x0000000094a00000, 0x0000000094a00000| Untracked 
|  63|0x0000000094b00000, 0x0000000094b00000, 0x0000000094c00000|  0%| F|  |TAMS 0x0000000094b00000, 0x0000000094b00000| Untracked 
|  64|0x0000000094c00000, 0x0000000094c00000, 0x0000000094d00000|  0%| F|  |TAMS 0x0000000094c00000, 0x0000000094c00000| Untracked 
|  65|0x0000000094d00000, 0x0000000094d00000, 0x0000000094e00000|  0%| F|  |TAMS 0x0000000094d00000, 0x0000000094d00000| Untracked 
|  66|0x0000000094e00000, 0x0000000094e00000, 0x0000000094f00000|  0%| F|  |TAMS 0x0000000094e00000, 0x0000000094e00000| Untracked 
|  67|0x0000000094f00000, 0x0000000094f00000, 0x0000000095000000|  0%| F|  |TAMS 0x0000000094f00000, 0x0000000094f00000| Untracked 
|  68|0x0000000095000000, 0x0000000095000000, 0x0000000095100000|  0%| F|  |TAMS 0x0000000095000000, 0x0000000095000000| Untracked 
|  69|0x0000000095100000, 0x0000000095100000, 0x0000000095200000|  0%| F|  |TAMS 0x0000000095100000, 0x0000000095100000| Untracked 
|  70|0x0000000095200000, 0x0000000095200000, 0x0000000095300000|  0%| F|  |TAMS 0x0000000095200000, 0x0000000095200000| Untracked 
|  71|0x0000000095300000, 0x0000000095300000, 0x0000000095400000|  0%| F|  |TAMS 0x0000000095300000, 0x0000000095300000| Untracked 
|  72|0x0000000095400000, 0x0000000095400000, 0x0000000095500000|  0%| F|  |TAMS 0x0000000095400000, 0x0000000095400000| Untracked 
|  73|0x0000000095500000, 0x0000000095500000, 0x0000000095600000|  0%| F|  |TAMS 0x0000000095500000, 0x0000000095500000| Untracked 
|  74|0x0000000095600000, 0x0000000095600000, 0x0000000095700000|  0%| F|  |TAMS 0x0000000095600000, 0x0000000095600000| Untracked 
|  75|0x0000000095700000, 0x0000000095700000, 0x0000000095800000|  0%| F|  |TAMS 0x0000000095700000, 0x0000000095700000| Untracked 
|  76|0x0000000095800000, 0x0000000095800000, 0x0000000095900000|  0%| F|  |TAMS 0x0000000095800000, 0x0000000095800000| Untracked 
|  77|0x0000000095900000, 0x0000000095900000, 0x0000000095a00000|  0%| F|  |TAMS 0x0000000095900000, 0x0000000095900000| Untracked 
|  78|0x0000000095a00000, 0x0000000095a00000, 0x0000000095b00000|  0%| F|  |TAMS 0x0000000095a00000, 0x0000000095a00000| Untracked 
|  79|0x0000000095b00000, 0x0000000095b00000, 0x0000000095c00000|  0%| F|  |TAMS 0x0000000095b00000, 0x0000000095b00000| Untracked 
|  80|0x0000000095c00000, 0x0000000095c00000, 0x0000000095d00000|  0%| F|  |TAMS 0x0000000095c00000, 0x0000000095c00000| Untracked 
|  81|0x0000000095d00000, 0x0000000095d00000, 0x0000000095e00000|  0%| F|  |TAMS 0x0000000095d00000, 0x0000000095d00000| Untracked 
|  82|0x0000000095e00000, 0x0000000095e00000, 0x0000000095f00000|  0%| F|  |TAMS 0x0000000095e00000, 0x0000000095e00000| Untracked 
|  83|0x0000000095f00000, 0x0000000095f00000, 0x0000000096000000|  0%| F|  |TAMS 0x0000000095f00000, 0x0000000095f00000| Untracked 
|  84|0x0000000096000000, 0x0000000096000000, 0x0000000096100000|  0%| F|  |TAMS 0x0000000096000000, 0x0000000096000000| Untracked 
|  85|0x0000000096100000, 0x0000000096100000, 0x0000000096200000|  0%| F|  |TAMS 0x0000000096100000, 0x0000000096100000| Untracked 
|  86|0x0000000096200000, 0x0000000096200000, 0x0000000096300000|  0%| F|  |TAMS 0x0000000096200000, 0x0000000096200000| Untracked 
|  87|0x0000000096300000, 0x0000000096300000, 0x0000000096400000|  0%| F|  |TAMS 0x0000000096300000, 0x0000000096300000| Untracked 
|  88|0x0000000096400000, 0x0000000096400000, 0x0000000096500000|  0%| F|  |TAMS 0x0000000096400000, 0x0000000096400000| Untracked 
|  89|0x0000000096500000, 0x0000000096500000, 0x0000000096600000|  0%| F|  |TAMS 0x0000000096500000, 0x0000000096500000| Untracked 
|  90|0x0000000096600000, 0x0000000096600000, 0x0000000096700000|  0%| F|  |TAMS 0x0000000096600000, 0x0000000096600000| Untracked 
|  91|0x0000000096700000, 0x0000000096700000, 0x0000000096800000|  0%| F|  |TAMS 0x0000000096700000, 0x0000000096700000| Untracked 
|  92|0x0000000096800000, 0x0000000096800000, 0x0000000096900000|  0%| F|  |TAMS 0x0000000096800000, 0x0000000096800000| Untracked 
|  93|0x0000000096900000, 0x0000000096900000, 0x0000000096a00000|  0%| F|  |TAMS 0x0000000096900000, 0x0000000096900000| Untracked 
|  94|0x0000000096a00000, 0x0000000096a00000, 0x0000000096b00000|  0%| F|  |TAMS 0x0000000096a00000, 0x0000000096a00000| Untracked 
|  95|0x0000000096b00000, 0x0000000096b00000, 0x0000000096c00000|  0%| F|  |TAMS 0x0000000096b00000, 0x0000000096b00000| Untracked 
|  96|0x0000000096c00000, 0x0000000096c00000, 0x0000000096d00000|  0%| F|  |TAMS 0x0000000096c00000, 0x0000000096c00000| Untracked 
|  97|0x0000000096d00000, 0x0000000096d00000, 0x0000000096e00000|  0%| F|  |TAMS 0x0000000096d00000, 0x0000000096d00000| Untracked 
|  98|0x0000000096e00000, 0x0000000096e00000, 0x0000000096f00000|  0%| F|  |TAMS 0x0000000096e00000, 0x0000000096e00000| Untracked 
|  99|0x0000000096f00000, 0x0000000096f00000, 0x0000000097000000|  0%| F|  |TAMS 0x0000000096f00000, 0x0000000096f00000| Untracked 
| 100|0x0000000097000000, 0x0000000097000000, 0x0000000097100000|  0%| F|  |TAMS 0x0000000097000000, 0x0000000097000000| Untracked 
| 101|0x0000000097100000, 0x0000000097100000, 0x0000000097200000|  0%| F|  |TAMS 0x0000000097100000, 0x0000000097100000| Untracked 
| 102|0x0000000097200000, 0x0000000097200000, 0x0000000097300000|  0%| F|  |TAMS 0x0000000097200000, 0x0000000097200000| Untracked 
| 103|0x0000000097300000, 0x0000000097300000, 0x0000000097400000|  0%| F|  |TAMS 0x0000000097300000, 0x0000000097300000| Untracked 
| 104|0x0000000097400000, 0x0000000097400000, 0x0000000097500000|  0%| F|  |TAMS 0x0000000097400000, 0x0000000097400000| Untracked 
| 105|0x0000000097500000, 0x0000000097500000, 0x0000000097600000|  0%| F|  |TAMS 0x0000000097500000, 0x0000000097500000| Untracked 
| 106|0x0000000097600000, 0x0000000097600000, 0x0000000097700000|  0%| F|  |TAMS 0x0000000097600000, 0x0000000097600000| Untracked 
| 107|0x0000000097700000, 0x0000000097700000, 0x0000000097800000|  0%| F|  |TAMS 0x0000000097700000, 0x0000000097700000| Untracked 
| 108|0x0000000097800000, 0x0000000097800000, 0x0000000097900000|  0%| F|  |TAMS 0x0000000097800000, 0x0000000097800000| Untracked 
| 109|0x0000000097900000, 0x0000000097900000, 0x0000000097a00000|  0%| F|  |TAMS 0x0000000097900000, 0x0000000097900000| Untracked 
| 110|0x0000000097a00000, 0x0000000097a76448, 0x0000000097b00000| 46%| E|  |TAMS 0x0000000097a00000, 0x0000000097a00000| Complete 
| 111|0x0000000097b00000, 0x0000000097c00000, 0x0000000097c00000|100%| E|CS|TAMS 0x0000000097b00000, 0x0000000097b00000| Complete 

Card table byte_map: [0x000001ea1c9b0000,0x000001ea1cd30000] _byte_map_base: 0x000001ea1c52a000

Marking Bits (Prev, Next): (CMBitMap*) 0x000001ea03931d80, (CMBitMap*) 0x000001ea03931dc0
 Prev Bits: [0x000001ea1d0b0000, 0x000001ea1ec80000)
 Next Bits: [0x000001ea1ec80000, 0x000001ea20850000)

Polling page: 0x000001ea039b0000

Metaspace:

Usage:
  Non-class:      4.11 MB used.
      Class:    350.12 KB used.
       Both:      4.45 MB used.

Virtual space:
  Non-class space:        8.00 MB reserved,       4.19 MB ( 52%) committed,  1 nodes.
      Class space:        1.00 GB reserved,     448.00 KB ( <1%) committed,  1 nodes.
             Both:        1.01 GB reserved,       4.62 MB ( <1%) committed. 

Chunk freelists:
   Non-Class:  3.00 MB
       Class:  3.62 MB
        Both:  6.62 MB

MaxMetaspaceSize: unlimited
CompressedClassSpaceSize: 1.00 GB
Initial GC threshold: 21.00 MB
Current GC threshold: 21.00 MB
CDS: off
MetaspaceReclaimPolicy: balanced
 - commit_granule_bytes: 65536.
 - commit_granule_words: 8192.
 - virtual_space_node_default_size: 1048576.
 - enlarge_chunks_in_place: 1.
 - new_chunks_are_fully_committed: 0.
 - uncommit_free_chunks: 1.
 - use_allocation_guard: 0.
 - handle_deallocations: 1.


Internal statistics:

num_allocs_failed_limit: 0.
num_arena_births: 4.
num_arena_deaths: 0.
num_vsnodes_births: 2.
num_vsnodes_deaths: 0.
num_space_committed: 74.
num_space_uncommitted: 0.
num_chunks_returned_to_freelist: 0.
num_chunks_taken_from_freelist: 7.
num_chunk_merges: 0.
num_chunk_splits: 2.
num_chunks_enlarged: 0.
num_purges: 0.
num_inconsistent_stats: 0.

CodeHeap 'non-profiled nmethods': size=120000Kb used=18Kb max_used=18Kb free=119981Kb
 bounds [0x000001ea146a0000, 0x000001ea14910000, 0x000001ea1bbd0000]
CodeHeap 'profiled nmethods': size=120000Kb used=87Kb max_used=87Kb free=119912Kb
 bounds [0x000001ea0d170000, 0x000001ea0d3e0000, 0x000001ea146a0000]
CodeHeap 'non-nmethods': size=5760Kb used=1066Kb max_used=1066Kb free=4694Kb
 bounds [0x000001ea0cbd0000, 0x000001ea0ce40000, 0x000001ea0d170000]
 total_blobs=406 nmethods=76 adapters=243
 compilation: enabled
              stopped_count=0, restarted_count=0
 full_count=0

Compilation events (20 events):
Event: 0.338 Thread 0x000001ea23d39600   63       1       java.util.ImmutableCollections$Set12::isEmpty (2 bytes)
Event: 0.338 Thread 0x000001ea23d39600 nmethod 63 0x000001ea146a3290 code [0x000001ea146a3420, 0x000001ea146a34f8]
Event: 0.343 Thread 0x000001ea23d39600   64       3       java.lang.StringUTF16::getChar (60 bytes)
Event: 0.344 Thread 0x000001ea23d39600 nmethod 64 0x000001ea0d184590 code [0x000001ea0d184720, 0x000001ea0d184898]
Event: 0.350 Thread 0x000001ea23d39600   65       3       java.lang.AbstractStringBuilder::ensureCapacityInternal (39 bytes)
Event: 0.350 Thread 0x000001ea23d39600 nmethod 65 0x000001ea0d184990 code [0x000001ea0d184b40, 0x000001ea0d184d78]
Event: 0.350 Thread 0x000001ea23d39600   66       3       java.lang.AbstractStringBuilder::isLatin1 (19 bytes)
Event: 0.351 Thread 0x000001ea23d39600 nmethod 66 0x000001ea0d184e90 code [0x000001ea0d185020, 0x000001ea0d185198]
Event: 0.351 Thread 0x000001ea23d39600   67       3       java.lang.StringLatin1::canEncode (13 bytes)
Event: 0.351 Thread 0x000001ea23d39600 nmethod 67 0x000001ea0d185210 code [0x000001ea0d1853a0, 0x000001ea0d1854f8]
Event: 0.366 Thread 0x000001ea23d39600   68       3       java.lang.String::isEmpty (14 bytes)
Event: 0.367 Thread 0x000001ea23d39600 nmethod 68 0x000001ea0d185590 code [0x000001ea0d185720, 0x000001ea0d185898]
Event: 0.384 Thread 0x000001ea23d39600   71       1       java.lang.module.ModuleDescriptor::isOpen (5 bytes)
Event: 0.384 Thread 0x000001ea23d39600 nmethod 71 0x000001ea146a3b90 code [0x000001ea146a3d20, 0x000001ea146a3df8]
Event: 0.388 Thread 0x000001ea23d39600   74       1       java.lang.Enum::ordinal (5 bytes)
Event: 0.388 Thread 0x000001ea23d39600 nmethod 74 0x000001ea146a4490 code [0x000001ea146a4620, 0x000001ea146a46f8]
Event: 0.388 Thread 0x000001ea23d39600   75       1       java.lang.Class::getClassLoader0 (5 bytes)
Event: 0.388 Thread 0x000001ea23d39600 nmethod 75 0x000001ea146a4790 code [0x000001ea146a4920, 0x000001ea146a49f8]
Event: 0.391 Thread 0x000001ea23d39600   76       3       java.lang.Math::min (11 bytes)
Event: 0.391 Thread 0x000001ea23d39600 nmethod 76 0x000001ea0d185990 code [0x000001ea0d185b20, 0x000001ea0d185c58]

GC Heap History (0 events):
No events

Dll operation events (2 events):
Event: 0.050 Loaded shared library C:\Program Files\Eclipse Adoptium\jdk-17.0.5.8-hotspot\bin\java.dll
Event: 0.181 Loaded shared library C:\Program Files\Eclipse Adoptium\jdk-17.0.5.8-hotspot\bin\jsvml.dll

Deoptimization events (0 events):
No events

Classes unloaded (0 events):
No events

Classes redefined (0 events):
No events

Internal exceptions (0 events):
No events

VM Operations (0 events):
No events

Events (20 events):
Event: 0.393 loading class jdk/internal/org/objectweb/asm/MethodWriter done
Event: 0.394 loading class jdk/internal/org/objectweb/asm/Label
Event: 0.394 loading class jdk/internal/org/objectweb/asm/Label done
Event: 0.394 loading class java/lang/invoke/InnerClassLambdaMetafactory$ForwardingMethodGenerator
Event: 0.394 loading class java/lang/invoke/TypeConvertingMethodAdapter
Event: 0.395 loading class java/lang/invoke/TypeConvertingMethodAdapter done
Event: 0.395 loading class java/lang/invoke/InnerClassLambdaMetafactory$ForwardingMethodGenerator done
Event: 0.395 loading class jdk/internal/org/objectweb/asm/Handler
Event: 0.395 loading class jdk/internal/org/objectweb/asm/Handler done
Event: 0.395 loading class jdk/internal/org/objectweb/asm/Attribute
Event: 0.395 loading class jdk/internal/org/objectweb/asm/Attribute done
Event: 0.395 loading class jdk/internal/org/objectweb/asm/AnnotationWriter
Event: 0.396 loading class jdk/internal/org/objectweb/asm/AnnotationVisitor
Event: 0.396 loading class jdk/internal/org/objectweb/asm/AnnotationVisitor done
Event: 0.396 loading class jdk/internal/org/objectweb/asm/AnnotationWriter done
Event: 0.396 loading class java/lang/invoke/MethodHandles$Lookup$ClassOption
Event: 0.396 loading class java/lang/invoke/MethodHandles$Lookup$ClassOption done
Event: 0.396 loading class java/lang/invoke/MethodHandles$Lookup$ClassFile
Event: 0.397 loading class java/lang/invoke/MethodHandles$Lookup$ClassFile done
Event: 0.397 loading class jdk/internal/org/objectweb/asm/ClassReader


Dynamic libraries:
0x00007ff6829a0000 - 0x00007ff6829ae000 	C:\Program Files\Eclipse Adoptium\jdk-17.0.5.8-hotspot\bin\java.exe
0x00007ffd31690000 - 0x00007ffd31888000 	C:\WINDOWS\SYSTEM32\ntdll.dll
0x00007ffd2ffb0000 - 0x00007ffd3006d000 	C:\WINDOWS\System32\KERNEL32.DLL
0x00007ffd2f070000 - 0x00007ffd2f33e000 	C:\WINDOWS\System32\KERNELBASE.dll
0x00007ffd2f5a0000 - 0x00007ffd2f6a0000 	C:\WINDOWS\System32\ucrtbase.dll
0x00007ffd28470000 - 0x00007ffd28489000 	C:\Program Files\Eclipse Adoptium\jdk-17.0.5.8-hotspot\bin\VCRUNTIME140.dll
0x00007ffd25fc0000 - 0x00007ffd25fd7000 	C:\Program Files\Eclipse Adoptium\jdk-17.0.5.8-hotspot\bin\jli.dll
0x00007ffd307a0000 - 0x00007ffd30940000 	C:\WINDOWS\System32\USER32.dll
0x00007ffd2f040000 - 0x00007ffd2f062000 	C:\WINDOWS\System32\win32u.dll
0x00007ffd1b9b0000 - 0x00007ffd1bc4a000 	C:\WINDOWS\WinSxS\amd64_microsoft.windows.common-controls_6595b64144ccf1df_6.0.19041.1110_none_60b5254171f9507e\COMCTL32.dll
0x00007ffd30170000 - 0x00007ffd3020e000 	C:\WINDOWS\System32\msvcrt.dll
0x00007ffd2f7b0000 - 0x00007ffd2f7da000 	C:\WINDOWS\System32\GDI32.dll
0x00007ffd2f490000 - 0x00007ffd2f59b000 	C:\WINDOWS\System32\gdi32full.dll
0x00007ffd2ee40000 - 0x00007ffd2eedd000 	C:\WINDOWS\System32\msvcp_win.dll
0x00007ffd2fd90000 - 0x00007ffd2fdc0000 	C:\WINDOWS\System32\IMM32.DLL
0x00007ffd23aa0000 - 0x00007ffd23aac000 	C:\Program Files\Eclipse Adoptium\jdk-17.0.5.8-hotspot\bin\vcruntime140_1.dll
0x00007ffcf7d60000 - 0x00007ffcf7df1000 	C:\Program Files\Eclipse Adoptium\jdk-17.0.5.8-hotspot\bin\msvcp140.dll
0x00007ffceb0e0000 - 0x00007ffcebd24000 	C:\Program Files\Eclipse Adoptium\jdk-17.0.5.8-hotspot\bin\server\jvm.dll
0x00007ffd2fbc0000 - 0x00007ffd2fc6e000 	C:\WINDOWS\System32\ADVAPI32.dll
0x00007ffd30b20000 - 0x00007ffd30bbc000 	C:\WINDOWS\System32\sechost.dll
0x00007ffd30d70000 - 0x00007ffd30e95000 	C:\WINDOWS\System32\RPCRT4.dll
0x00007ffd17c70000 - 0x00007ffd17c79000 	C:\WINDOWS\SYSTEM32\WSOCK32.dll
0x00007ffd26b80000 - 0x00007ffd26b8a000 	C:\WINDOWS\SYSTEM32\VERSION.dll
0x00007ffd25ce0000 - 0x00007ffd25d07000 	C:\WINDOWS\SYSTEM32\WINMM.dll
0x00007ffd30210000 - 0x00007ffd3027b000 	C:\WINDOWS\System32\WS2_32.dll
0x00007ffd2cca0000 - 0x00007ffd2ccb2000 	C:\WINDOWS\SYSTEM32\kernel.appcore.dll
0x00007ffd21990000 - 0x00007ffd2199a000 	C:\Program Files\Eclipse Adoptium\jdk-17.0.5.8-hotspot\bin\jimage.dll
0x00007ffd17a60000 - 0x00007ffd17c44000 	C:\WINDOWS\SYSTEM32\DBGHELP.DLL
0x00007ffd15960000 - 0x00007ffd1598c000 	C:\WINDOWS\SYSTEM32\dbgcore.DLL
0x00007ffd2edb0000 - 0x00007ffd2ee32000 	C:\WINDOWS\System32\bcryptPrimitives.dll
0x00007ffd21960000 - 0x00007ffd21985000 	C:\Program Files\Eclipse Adoptium\jdk-17.0.5.8-hotspot\bin\java.dll
0x00007ffcf2e30000 - 0x00007ffcf2f06000 	C:\Program Files\Eclipse Adoptium\jdk-17.0.5.8-hotspot\bin\jsvml.dll
0x00007ffd30ea0000 - 0x00007ffd315e3000 	C:\WINDOWS\System32\SHELL32.dll
0x00007ffd2cea0000 - 0x00007ffd2d635000 	C:\WINDOWS\SYSTEM32\windows.storage.dll
0x00007ffd2f7e0000 - 0x00007ffd2fb34000 	C:\WINDOWS\System32\combase.dll
0x00007ffd2e7a0000 - 0x00007ffd2e7d0000 	C:\WINDOWS\SYSTEM32\Wldp.dll
0x00007ffd2fdc0000 - 0x00007ffd2fe6d000 	C:\WINDOWS\System32\SHCORE.dll
0x00007ffd309d0000 - 0x00007ffd30a25000 	C:\WINDOWS\System32\shlwapi.dll
0x00007ffd2ecf0000 - 0x00007ffd2ed0f000 	C:\WINDOWS\SYSTEM32\profapi.dll

dbghelp: loaded successfully - version: 4.0.5 - missing functions: none
symbol engine: initialized successfully - sym options: 0x614 - pdb path: .;C:\Program Files\Eclipse Adoptium\jdk-17.0.5.8-hotspot\bin;C:\WINDOWS\SYSTEM32;C:\WINDOWS\WinSxS\amd64_microsoft.windows.common-controls_6595b64144ccf1df_6.0.19041.1110_none_60b5254171f9507e;C:\Program Files\Eclipse Adoptium\jdk-17.0.5.8-hotspot\bin\server

VM Arguments:
jvm_args: -XX:+ShowCodeDetailsInExceptionMessages 
java_command: Find_Inverse
java_class_path (initial): C:\Users\BBK.BCA\AppData\Roaming\Code\User\workspaceStorage\6503691aeb8c9468764ee7ed2133f85a\redhat.java\jdt_ws\afterISA_1ac6ec94\bin
Launcher Type: SUN_STANDARD

[Global flags]
     intx CICompilerCount                          = 4                                         {product} {ergonomic}
     uint ConcGCThreads                            = 2                                         {product} {ergonomic}
     uint G1ConcRefinementThreads                  = 8                                         {product} {ergonomic}
   size_t G1HeapRegionSize                         = 1048576                                   {product} {ergonomic}
    uintx GCDrainStackTargetSize                   = 64                                        {product} {ergonomic}
   size_t InitialHeapSize                          = 117440512                                 {product} {ergonomic}
   size_t MarkStackSize                            = 4194304                                   {product} {ergonomic}
   size_t MaxHeapSize                              = 1866465280                                {product} {ergonomic}
   size_t MaxNewSize                               = 1119879168                                {product} {ergonomic}
   size_t MinHeapDeltaBytes                        = 1048576                                   {product} {ergonomic}
   size_t MinHeapSize                              = 8388608                                   {product} {ergonomic}
    uintx NonNMethodCodeHeapSize                   = 5839372                                {pd product} {ergonomic}
    uintx NonProfiledCodeHeapSize                  = 122909434                              {pd product} {ergonomic}
    uintx ProfiledCodeHeapSize                     = 122909434                              {pd product} {ergonomic}
    uintx ReservedCodeCacheSize                    = 251658240                              {pd product} {ergonomic}
     bool SegmentedCodeCache                       = true                                      {product} {ergonomic}
     bool ShowCodeDetailsInExceptionMessages       = true                                   {manageable} {command line}
   size_t SoftMaxHeapSize                          = 1866465280                             {manageable} {ergonomic}
     bool UseCompressedClassPointers               = true                           {product lp64_product} {ergonomic}
     bool UseCompressedOops                        = true                           {product lp64_product} {ergonomic}
     bool UseG1GC                                  = true                                      {product} {ergonomic}
     bool UseLargePagesIndividualAllocation        = false                                  {pd product} {ergonomic}

Logging:
Log output configuration:
 #0: stdout all=warning uptime,level,tags
 #1: stderr all=off uptime,level,tags

Environment Variables:
JAVA_HOME=C:\Program Files\Eclipse Adoptium\jdk-17.0.5.8-hotspot\
PATH=C:\Program Files\Eclipse Adoptium\jdk-17.0.5.8-hotspot\bin;C:\Python310\Scripts\;C:\Python310\;C:\Program Files (x86)\Common Files\Oracle\Java\javapath;C:\WINDOWS\system32;C:\WINDOWS;C:\WINDOWS\System32\Wbem;C:\WINDOWS\System32\WindowsPowerShell\v1.0\;C:\WINDOWS\System32\OpenSSH\;C:\Program Files\Java\jre1.8.0_311\bin;C:\ProgramData\chocolatey\bin;C:\Program Files\nodejs\;C:\Program Files\dotnet\;C:\xampp\php;C:\xampp\php\windowsXamppPhp;C:\ProgramData\ComposerSetup\bin;C:\Program Files\Git\cmd;C:\Users\BBK.BCA\AppData\Local\Programs\Python\Python39\Scripts\;C:\Users\BBK.BCA\AppData\Local\Programs\Python\Python39\;C:\Users\BBK.BCA\AppData\Local\Microsoft\WindowsApps;C:\Users\BBK.BCA\AppData\Local\Programs\Microsoft VS Code\bin;C:\Program Files (x86)\mingw-w64\i686-8.1.0-posix-dwarf-rt_v6-rev0\mingw32\bin;C:\Program Files\nodejs;C:\Users\BBK.BCA\AppData\Local\GitHubDesktop\bin;C:\Users\BBK.BCA\AppData\Roaming\npm;C:\Users\BBK.BCA\AppData\Roaming\Composer\vendor\bin
USERNAME=BBK.BCA
LANG=en_US.UTF-8
TMPDIR=C:\Users\Public\Documents\Wondershare\CreatorTemp
OS=Windows_NT
PROCESSOR_IDENTIFIER=AMD64 Family 23 Model 17 Stepping 0, AuthenticAMD
TMP=C:\Users\BBK.BCA\AppData\Local\Temp
TEMP=C:\Users\BBK.BCA\AppData\Local\Temp



---------------  S Y S T E M  ---------------

OS:
 Windows 10 , 64 bit Build 19041 (10.0.19041.1889)
OS uptime: 0 days 2:49 hours

CPU: total 8 (initial active 8) (8 cores per cpu, 2 threads per core) family 23 model 17 stepping 0 microcode 0x0, cx8, cmov, fxsr, ht, mmx, 3dnowpref, sse, sse2, sse3, ssse3, sse4a, sse4.1, sse4.2, popcnt, lzcnt, tsc, tscinvbit, avx, avx2, aes, clmul, bmi1, bmi2, adx, sha, fma, vzeroupper, clflush, clflushopt

Memory: 4k page, system-wide physical 7112M (402M free)
TotalPageFile size 12076M (AvailPageFile size 0M)
current process WorkingSet (physical memory assigned to process): 27M, peak: 27M
current process commit charge ("private bytes"): 186M, peak: 186M

vm_info: OpenJDK 64-Bit Server VM (17.0.5+8) for windows-amd64 JRE (17.0.5+8), built on Oct 19 2022 04:48:13 by "temurin" with MS VC++ 16.7 (VS2019)

END.
